2022-03-12 14:09:34.4434||INFO|Microsoft.Hosting.Lifetime|Application started. Press Ctrl+C to shut down. 
2022-03-12 14:09:34.5153||INFO|Microsoft.Hosting.Lifetime|Hosting environment: Development 
2022-03-12 14:09:34.5153||INFO|Microsoft.Hosting.Lifetime|Content root path: C:\vs_repos\WikiRandom\WikiRandom\WikiRandom-WebAPI 
2022-03-12 16:12:51.2234|14|INFO|Microsoft.Hosting.Lifetime|Now listening on: https://localhost:5001 
2022-03-12 16:12:51.3054|14|INFO|Microsoft.Hosting.Lifetime|Now listening on: http://localhost:5000 
2022-03-12 16:12:51.3208||INFO|Microsoft.Hosting.Lifetime|Application started. Press Ctrl+C to shut down. 
2022-03-12 16:12:51.3338||INFO|Microsoft.Hosting.Lifetime|Hosting environment: Development 
2022-03-12 16:12:51.3338||INFO|Microsoft.Hosting.Lifetime|Content root path: C:\vs_repos\csharp_najlepszepraktyki\Wikirandom\Wikirandom\WikiRandom-WebAPI 
2022-03-12 16:12:53.7995||ERROR|WebApplication4.ErrorHandlingMiddleware|Unable to resolve service for type 'WebApplication4.Services.Interfaces.IWikipediaService' while attempting to activate 'WebApplication4.Controllers.WikiServiceController'. System.InvalidOperationException: Unable to resolve service for type 'WebApplication4.Services.Interfaces.IWikipediaService' while attempting to activate 'WebApplication4.Controllers.WikiServiceController'.
   at Microsoft.Extensions.DependencyInjection.ActivatorUtilities.GetService(IServiceProvider sp, Type type, Type requiredBy, Boolean isDefaultParameterRequired)
   at lambda_method2(Closure , IServiceProvider , Object[] )
   at Microsoft.AspNetCore.Mvc.Controllers.ControllerActivatorProvider.<>c__DisplayClass7_0.<CreateActivator>b__0(ControllerContext controllerContext)
   at Microsoft.AspNetCore.Mvc.Controllers.ControllerFactoryProvider.<>c__DisplayClass6_0.<CreateControllerFactory>g__CreateController|0(ControllerContext controllerContext)
   at Microsoft.AspNetCore.Mvc.Infrastructure.ControllerActionInvoker.Next(State& next, Scope& scope, Object& state, Boolean& isCompleted)
   at Microsoft.AspNetCore.Mvc.Infrastructure.ControllerActionInvoker.InvokeInnerFilterAsync()
--- End of stack trace from previous location ---
   at Microsoft.AspNetCore.Mvc.Infrastructure.ResourceInvoker.<InvokeFilterPipelineAsync>g__Awaited|20_0(ResourceInvoker invoker, Task lastTask, State next, Scope scope, Object state, Boolean isCompleted)
   at Microsoft.AspNetCore.Mvc.Infrastructure.ResourceInvoker.<InvokeAsync>g__Awaited|17_0(ResourceInvoker invoker, Task task, IDisposable scope)
   at Microsoft.AspNetCore.Mvc.Infrastructure.ResourceInvoker.<InvokeAsync>g__Awaited|17_0(ResourceInvoker invoker, Task task, IDisposable scope)
   at Microsoft.AspNetCore.Routing.EndpointMiddleware.<Invoke>g__AwaitRequestTask|6_0(Endpoint endpoint, Task requestTask, ILogger logger)
   at Microsoft.AspNetCore.Authorization.AuthorizationMiddleware.Invoke(HttpContext context)
   at WikiRandom_WebAPI.Middleware.RequestTimeMiddleware.InvokeAsync(HttpContext context, RequestDelegate next) in C:\vs_repos\csharp_najlepszepraktyki\Wikirandom\Wikirandom\WikiRandom-WebAPI\Middleware\RequestTimeMiddleware.cs:line 18
   at Microsoft.AspNetCore.Builder.UseMiddlewareExtensions.<>c__DisplayClass6_1.<<UseMiddlewareInterface>b__1>d.MoveNext()
--- End of stack trace from previous location ---
   at WebApplication4.ErrorHandlingMiddleware.InvokeAsync(HttpContext context, RequestDelegate next) in C:\vs_repos\csharp_najlepszepraktyki\Wikirandom\Wikirandom\WikiRandom-WebAPI\Middleware\ErrorHandlingMiddleware.cs:line 18
2022-03-12 16:16:52.5796|14|INFO|Microsoft.Hosting.Lifetime|Now listening on: https://localhost:5001 
2022-03-12 16:16:52.6437|14|INFO|Microsoft.Hosting.Lifetime|Now listening on: http://localhost:5000 
2022-03-12 16:16:52.6437||INFO|Microsoft.Hosting.Lifetime|Application started. Press Ctrl+C to shut down. 
2022-03-12 16:16:52.6563||INFO|Microsoft.Hosting.Lifetime|Hosting environment: Development 
2022-03-12 16:16:52.6563||INFO|Microsoft.Hosting.Lifetime|Content root path: C:\vs_repos\csharp_najlepszepraktyki\Wikirandom\Wikirandom\WikiRandom-WebAPI 
2022-03-12 16:16:54.3277||ERROR|WebApplication4.ErrorHandlingMiddleware|Unable to resolve service for type 'WebApplication4.Services.Interfaces.IWikipediaService' while attempting to activate 'WebApplication4.Controllers.WikiServiceController'. System.InvalidOperationException: Unable to resolve service for type 'WebApplication4.Services.Interfaces.IWikipediaService' while attempting to activate 'WebApplication4.Controllers.WikiServiceController'.
   at Microsoft.Extensions.DependencyInjection.ActivatorUtilities.GetService(IServiceProvider sp, Type type, Type requiredBy, Boolean isDefaultParameterRequired)
   at lambda_method2(Closure , IServiceProvider , Object[] )
   at Microsoft.AspNetCore.Mvc.Controllers.ControllerActivatorProvider.<>c__DisplayClass7_0.<CreateActivator>b__0(ControllerContext controllerContext)
   at Microsoft.AspNetCore.Mvc.Controllers.ControllerFactoryProvider.<>c__DisplayClass6_0.<CreateControllerFactory>g__CreateController|0(ControllerContext controllerContext)
   at Microsoft.AspNetCore.Mvc.Infrastructure.ControllerActionInvoker.Next(State& next, Scope& scope, Object& state, Boolean& isCompleted)
   at Microsoft.AspNetCore.Mvc.Infrastructure.ControllerActionInvoker.InvokeInnerFilterAsync()
--- End of stack trace from previous location ---
   at Microsoft.AspNetCore.Mvc.Infrastructure.ResourceInvoker.<InvokeFilterPipelineAsync>g__Awaited|20_0(ResourceInvoker invoker, Task lastTask, State next, Scope scope, Object state, Boolean isCompleted)
   at Microsoft.AspNetCore.Mvc.Infrastructure.ResourceInvoker.<InvokeAsync>g__Awaited|17_0(ResourceInvoker invoker, Task task, IDisposable scope)
   at Microsoft.AspNetCore.Mvc.Infrastructure.ResourceInvoker.<InvokeAsync>g__Awaited|17_0(ResourceInvoker invoker, Task task, IDisposable scope)
   at Microsoft.AspNetCore.Routing.EndpointMiddleware.<Invoke>g__AwaitRequestTask|6_0(Endpoint endpoint, Task requestTask, ILogger logger)
   at Microsoft.AspNetCore.Authorization.AuthorizationMiddleware.Invoke(HttpContext context)
   at WikiRandom_WebAPI.Middleware.RequestTimeMiddleware.InvokeAsync(HttpContext context, RequestDelegate next) in C:\vs_repos\csharp_najlepszepraktyki\Wikirandom\Wikirandom\WikiRandom-WebAPI\Middleware\RequestTimeMiddleware.cs:line 18
   at Microsoft.AspNetCore.Builder.UseMiddlewareExtensions.<>c__DisplayClass6_1.<<UseMiddlewareInterface>b__1>d.MoveNext()
--- End of stack trace from previous location ---
   at WebApplication4.ErrorHandlingMiddleware.InvokeAsync(HttpContext context, RequestDelegate next) in C:\vs_repos\csharp_najlepszepraktyki\Wikirandom\Wikirandom\WikiRandom-WebAPI\Middleware\ErrorHandlingMiddleware.cs:line 18
2022-03-12 16:35:54.9488|14|INFO|Microsoft.Hosting.Lifetime|Now listening on: https://localhost:5001 
2022-03-12 16:35:55.0282|14|INFO|Microsoft.Hosting.Lifetime|Now listening on: http://localhost:5000 
2022-03-12 16:35:55.0413||INFO|Microsoft.Hosting.Lifetime|Application started. Press Ctrl+C to shut down. 
2022-03-12 16:35:55.0463||INFO|Microsoft.Hosting.Lifetime|Hosting environment: Development 
2022-03-12 16:35:55.0463||INFO|Microsoft.Hosting.Lifetime|Content root path: C:\vs_repos\csharp_najlepszepraktyki\Wikirandom\Wikirandom\WikiRandom-WebAPI 
2022-03-12 16:36:07.8833||ERROR|WebApplication4.ErrorHandlingMiddleware|Unable to resolve service for type 'WikiRandom_WebAPI.Services.WikipediaService' while attempting to activate 'WikiRandom_WebAPI.Controllers.ArticleController'. System.InvalidOperationException: Unable to resolve service for type 'WikiRandom_WebAPI.Services.WikipediaService' while attempting to activate 'WikiRandom_WebAPI.Controllers.ArticleController'.
   at Microsoft.Extensions.DependencyInjection.ActivatorUtilities.GetService(IServiceProvider sp, Type type, Type requiredBy, Boolean isDefaultParameterRequired)
   at lambda_method2(Closure , IServiceProvider , Object[] )
   at Microsoft.AspNetCore.Mvc.Controllers.ControllerActivatorProvider.<>c__DisplayClass7_0.<CreateActivator>b__0(ControllerContext controllerContext)
   at Microsoft.AspNetCore.Mvc.Controllers.ControllerFactoryProvider.<>c__DisplayClass6_0.<CreateControllerFactory>g__CreateController|0(ControllerContext controllerContext)
   at Microsoft.AspNetCore.Mvc.Infrastructure.ControllerActionInvoker.Next(State& next, Scope& scope, Object& state, Boolean& isCompleted)
   at Microsoft.AspNetCore.Mvc.Infrastructure.ControllerActionInvoker.InvokeInnerFilterAsync()
--- End of stack trace from previous location ---
   at Microsoft.AspNetCore.Mvc.Infrastructure.ResourceInvoker.<InvokeFilterPipelineAsync>g__Awaited|20_0(ResourceInvoker invoker, Task lastTask, State next, Scope scope, Object state, Boolean isCompleted)
   at Microsoft.AspNetCore.Mvc.Infrastructure.ResourceInvoker.<InvokeAsync>g__Awaited|17_0(ResourceInvoker invoker, Task task, IDisposable scope)
   at Microsoft.AspNetCore.Mvc.Infrastructure.ResourceInvoker.<InvokeAsync>g__Awaited|17_0(ResourceInvoker invoker, Task task, IDisposable scope)
   at Microsoft.AspNetCore.Routing.EndpointMiddleware.<Invoke>g__AwaitRequestTask|6_0(Endpoint endpoint, Task requestTask, ILogger logger)
   at Microsoft.AspNetCore.Authorization.AuthorizationMiddleware.Invoke(HttpContext context)
   at WikiRandom_WebAPI.Middleware.RequestTimeMiddleware.InvokeAsync(HttpContext context, RequestDelegate next) in C:\vs_repos\csharp_najlepszepraktyki\Wikirandom\Wikirandom\WikiRandom-WebAPI\Middleware\RequestTimeMiddleware.cs:line 18
   at Microsoft.AspNetCore.Builder.UseMiddlewareExtensions.<>c__DisplayClass6_1.<<UseMiddlewareInterface>b__1>d.MoveNext()
--- End of stack trace from previous location ---
   at WebApplication4.ErrorHandlingMiddleware.InvokeAsync(HttpContext context, RequestDelegate next) in C:\vs_repos\csharp_najlepszepraktyki\Wikirandom\Wikirandom\WikiRandom-WebAPI\Middleware\ErrorHandlingMiddleware.cs:line 18
2022-03-12 16:36:18.7170||ERROR|WebApplication4.ErrorHandlingMiddleware|Unable to resolve service for type 'WikiRandom_WebAPI.Services.WikipediaService' while attempting to activate 'WebApplication4.Controllers.PersonController'. System.InvalidOperationException: Unable to resolve service for type 'WikiRandom_WebAPI.Services.WikipediaService' while attempting to activate 'WebApplication4.Controllers.PersonController'.
   at Microsoft.Extensions.DependencyInjection.ActivatorUtilities.GetService(IServiceProvider sp, Type type, Type requiredBy, Boolean isDefaultParameterRequired)
   at lambda_method4(Closure , IServiceProvider , Object[] )
   at Microsoft.AspNetCore.Mvc.Controllers.ControllerActivatorProvider.<>c__DisplayClass7_0.<CreateActivator>b__0(ControllerContext controllerContext)
   at Microsoft.AspNetCore.Mvc.Controllers.ControllerFactoryProvider.<>c__DisplayClass6_0.<CreateControllerFactory>g__CreateController|0(ControllerContext controllerContext)
   at Microsoft.AspNetCore.Mvc.Infrastructure.ControllerActionInvoker.Next(State& next, Scope& scope, Object& state, Boolean& isCompleted)
   at Microsoft.AspNetCore.Mvc.Infrastructure.ControllerActionInvoker.InvokeInnerFilterAsync()
--- End of stack trace from previous location ---
   at Microsoft.AspNetCore.Mvc.Infrastructure.ResourceInvoker.<InvokeFilterPipelineAsync>g__Awaited|20_0(ResourceInvoker invoker, Task lastTask, State next, Scope scope, Object state, Boolean isCompleted)
   at Microsoft.AspNetCore.Mvc.Infrastructure.ResourceInvoker.<InvokeAsync>g__Awaited|17_0(ResourceInvoker invoker, Task task, IDisposable scope)
   at Microsoft.AspNetCore.Mvc.Infrastructure.ResourceInvoker.<InvokeAsync>g__Awaited|17_0(ResourceInvoker invoker, Task task, IDisposable scope)
   at Microsoft.AspNetCore.Routing.EndpointMiddleware.<Invoke>g__AwaitRequestTask|6_0(Endpoint endpoint, Task requestTask, ILogger logger)
   at Microsoft.AspNetCore.Authorization.AuthorizationMiddleware.Invoke(HttpContext context)
   at WikiRandom_WebAPI.Middleware.RequestTimeMiddleware.InvokeAsync(HttpContext context, RequestDelegate next) in C:\vs_repos\csharp_najlepszepraktyki\Wikirandom\Wikirandom\WikiRandom-WebAPI\Middleware\RequestTimeMiddleware.cs:line 18
   at Microsoft.AspNetCore.Builder.UseMiddlewareExtensions.<>c__DisplayClass6_1.<<UseMiddlewareInterface>b__1>d.MoveNext()
--- End of stack trace from previous location ---
   at WebApplication4.ErrorHandlingMiddleware.InvokeAsync(HttpContext context, RequestDelegate next) in C:\vs_repos\csharp_najlepszepraktyki\Wikirandom\Wikirandom\WikiRandom-WebAPI\Middleware\ErrorHandlingMiddleware.cs:line 18
2022-03-12 16:41:00.1038|14|INFO|Microsoft.Hosting.Lifetime|Now listening on: https://localhost:5001 
2022-03-12 16:41:00.2235|14|INFO|Microsoft.Hosting.Lifetime|Now listening on: http://localhost:5000 
2022-03-12 16:41:00.2381||INFO|Microsoft.Hosting.Lifetime|Application started. Press Ctrl+C to shut down. 
2022-03-12 16:41:00.2381||INFO|Microsoft.Hosting.Lifetime|Hosting environment: Development 
2022-03-12 16:41:00.2508||INFO|Microsoft.Hosting.Lifetime|Content root path: C:\vs_repos\csharp_najlepszepraktyki\Wikirandom\Wikirandom\WikiRandom-WebAPI 
2022-03-12 16:41:13.4730||ERROR|WebApplication4.ErrorHandlingMiddleware|Unable to resolve service for type 'WikiRandom_WebAPI.Services.WikipediaService' while attempting to activate 'WebApplication4.Controllers.PersonController'. System.InvalidOperationException: Unable to resolve service for type 'WikiRandom_WebAPI.Services.WikipediaService' while attempting to activate 'WebApplication4.Controllers.PersonController'.
   at Microsoft.Extensions.DependencyInjection.ActivatorUtilities.GetService(IServiceProvider sp, Type type, Type requiredBy, Boolean isDefaultParameterRequired)
   at lambda_method2(Closure , IServiceProvider , Object[] )
   at Microsoft.AspNetCore.Mvc.Controllers.ControllerActivatorProvider.<>c__DisplayClass7_0.<CreateActivator>b__0(ControllerContext controllerContext)
   at Microsoft.AspNetCore.Mvc.Controllers.ControllerFactoryProvider.<>c__DisplayClass6_0.<CreateControllerFactory>g__CreateController|0(ControllerContext controllerContext)
   at Microsoft.AspNetCore.Mvc.Infrastructure.ControllerActionInvoker.Next(State& next, Scope& scope, Object& state, Boolean& isCompleted)
   at Microsoft.AspNetCore.Mvc.Infrastructure.ControllerActionInvoker.InvokeInnerFilterAsync()
--- End of stack trace from previous location ---
   at Microsoft.AspNetCore.Mvc.Infrastructure.ResourceInvoker.<InvokeFilterPipelineAsync>g__Awaited|20_0(ResourceInvoker invoker, Task lastTask, State next, Scope scope, Object state, Boolean isCompleted)
   at Microsoft.AspNetCore.Mvc.Infrastructure.ResourceInvoker.<InvokeAsync>g__Awaited|17_0(ResourceInvoker invoker, Task task, IDisposable scope)
   at Microsoft.AspNetCore.Mvc.Infrastructure.ResourceInvoker.<InvokeAsync>g__Awaited|17_0(ResourceInvoker invoker, Task task, IDisposable scope)
   at Microsoft.AspNetCore.Routing.EndpointMiddleware.<Invoke>g__AwaitRequestTask|6_0(Endpoint endpoint, Task requestTask, ILogger logger)
   at Microsoft.AspNetCore.Authorization.AuthorizationMiddleware.Invoke(HttpContext context)
   at WikiRandom_WebAPI.Middleware.RequestTimeMiddleware.InvokeAsync(HttpContext context, RequestDelegate next) in C:\vs_repos\csharp_najlepszepraktyki\Wikirandom\Wikirandom\WikiRandom-WebAPI\Middleware\RequestTimeMiddleware.cs:line 18
   at Microsoft.AspNetCore.Builder.UseMiddlewareExtensions.<>c__DisplayClass6_1.<<UseMiddlewareInterface>b__1>d.MoveNext()
--- End of stack trace from previous location ---
   at WebApplication4.ErrorHandlingMiddleware.InvokeAsync(HttpContext context, RequestDelegate next) in C:\vs_repos\csharp_najlepszepraktyki\Wikirandom\Wikirandom\WikiRandom-WebAPI\Middleware\ErrorHandlingMiddleware.cs:line 18
2022-03-12 16:42:58.7950|14|INFO|Microsoft.Hosting.Lifetime|Now listening on: https://localhost:5001 
2022-03-12 16:42:58.8895|14|INFO|Microsoft.Hosting.Lifetime|Now listening on: http://localhost:5000 
2022-03-12 16:42:58.8895||INFO|Microsoft.Hosting.Lifetime|Application started. Press Ctrl+C to shut down. 
2022-03-12 16:42:58.9093||INFO|Microsoft.Hosting.Lifetime|Hosting environment: Development 
2022-03-12 16:42:58.9093||INFO|Microsoft.Hosting.Lifetime|Content root path: C:\vs_repos\csharp_najlepszepraktyki\Wikirandom\Wikirandom\WikiRandom-WebAPI 
2022-03-12 16:43:20.1872||ERROR|WebApplication4.ErrorHandlingMiddleware|Unable to resolve service for type 'WikiRandom_WebAPI.Services.WikipediaService' while attempting to activate 'WebApplication4.Controllers.PersonController'. System.InvalidOperationException: Unable to resolve service for type 'WikiRandom_WebAPI.Services.WikipediaService' while attempting to activate 'WebApplication4.Controllers.PersonController'.
   at Microsoft.Extensions.DependencyInjection.ActivatorUtilities.GetService(IServiceProvider sp, Type type, Type requiredBy, Boolean isDefaultParameterRequired)
   at lambda_method2(Closure , IServiceProvider , Object[] )
   at Microsoft.AspNetCore.Mvc.Controllers.ControllerActivatorProvider.<>c__DisplayClass7_0.<CreateActivator>b__0(ControllerContext controllerContext)
   at Microsoft.AspNetCore.Mvc.Controllers.ControllerFactoryProvider.<>c__DisplayClass6_0.<CreateControllerFactory>g__CreateController|0(ControllerContext controllerContext)
   at Microsoft.AspNetCore.Mvc.Infrastructure.ControllerActionInvoker.Next(State& next, Scope& scope, Object& state, Boolean& isCompleted)
   at Microsoft.AspNetCore.Mvc.Infrastructure.ControllerActionInvoker.InvokeInnerFilterAsync()
--- End of stack trace from previous location ---
   at Microsoft.AspNetCore.Mvc.Infrastructure.ResourceInvoker.<InvokeFilterPipelineAsync>g__Awaited|20_0(ResourceInvoker invoker, Task lastTask, State next, Scope scope, Object state, Boolean isCompleted)
   at Microsoft.AspNetCore.Mvc.Infrastructure.ResourceInvoker.<InvokeAsync>g__Awaited|17_0(ResourceInvoker invoker, Task task, IDisposable scope)
   at Microsoft.AspNetCore.Mvc.Infrastructure.ResourceInvoker.<InvokeAsync>g__Awaited|17_0(ResourceInvoker invoker, Task task, IDisposable scope)
   at Microsoft.AspNetCore.Routing.EndpointMiddleware.<Invoke>g__AwaitRequestTask|6_0(Endpoint endpoint, Task requestTask, ILogger logger)
   at Microsoft.AspNetCore.Authorization.AuthorizationMiddleware.Invoke(HttpContext context)
   at WikiRandom_WebAPI.Middleware.RequestTimeMiddleware.InvokeAsync(HttpContext context, RequestDelegate next) in C:\vs_repos\csharp_najlepszepraktyki\Wikirandom\Wikirandom\WikiRandom-WebAPI\Middleware\RequestTimeMiddleware.cs:line 18
   at Microsoft.AspNetCore.Builder.UseMiddlewareExtensions.<>c__DisplayClass6_1.<<UseMiddlewareInterface>b__1>d.MoveNext()
--- End of stack trace from previous location ---
   at WebApplication4.ErrorHandlingMiddleware.InvokeAsync(HttpContext context, RequestDelegate next) in C:\vs_repos\csharp_najlepszepraktyki\Wikirandom\Wikirandom\WikiRandom-WebAPI\Middleware\ErrorHandlingMiddleware.cs:line 18
2022-03-12 16:45:13.3422||ERROR|WebApplication4.ErrorHandlingMiddleware|Unable to resolve service for type 'WikiRandom_WebAPI.Services.WikipediaService' while attempting to activate 'WebApplication4.Controllers.PersonController'. System.InvalidOperationException: Unable to resolve service for type 'WikiRandom_WebAPI.Services.WikipediaService' while attempting to activate 'WebApplication4.Controllers.PersonController'.
   at Microsoft.Extensions.DependencyInjection.ActivatorUtilities.GetService(IServiceProvider sp, Type type, Type requiredBy, Boolean isDefaultParameterRequired)
   at lambda_method2(Closure , IServiceProvider , Object[] )
   at Microsoft.AspNetCore.Mvc.Controllers.ControllerActivatorProvider.<>c__DisplayClass7_0.<CreateActivator>b__0(ControllerContext controllerContext)
   at Microsoft.AspNetCore.Mvc.Controllers.ControllerFactoryProvider.<>c__DisplayClass6_0.<CreateControllerFactory>g__CreateController|0(ControllerContext controllerContext)
   at Microsoft.AspNetCore.Mvc.Infrastructure.ControllerActionInvoker.Next(State& next, Scope& scope, Object& state, Boolean& isCompleted)
   at Microsoft.AspNetCore.Mvc.Infrastructure.ControllerActionInvoker.InvokeInnerFilterAsync()
--- End of stack trace from previous location ---
   at Microsoft.AspNetCore.Mvc.Infrastructure.ResourceInvoker.<InvokeFilterPipelineAsync>g__Awaited|20_0(ResourceInvoker invoker, Task lastTask, State next, Scope scope, Object state, Boolean isCompleted)
   at Microsoft.AspNetCore.Mvc.Infrastructure.ResourceInvoker.<InvokeAsync>g__Awaited|17_0(ResourceInvoker invoker, Task task, IDisposable scope)
   at Microsoft.AspNetCore.Mvc.Infrastructure.ResourceInvoker.<InvokeAsync>g__Awaited|17_0(ResourceInvoker invoker, Task task, IDisposable scope)
   at Microsoft.AspNetCore.Routing.EndpointMiddleware.<Invoke>g__AwaitRequestTask|6_0(Endpoint endpoint, Task requestTask, ILogger logger)
   at Microsoft.AspNetCore.Authorization.AuthorizationMiddleware.Invoke(HttpContext context)
   at WikiRandom_WebAPI.Middleware.RequestTimeMiddleware.InvokeAsync(HttpContext context, RequestDelegate next) in C:\vs_repos\csharp_najlepszepraktyki\Wikirandom\Wikirandom\WikiRandom-WebAPI\Middleware\RequestTimeMiddleware.cs:line 18
   at Microsoft.AspNetCore.Builder.UseMiddlewareExtensions.<>c__DisplayClass6_1.<<UseMiddlewareInterface>b__1>d.MoveNext()
--- End of stack trace from previous location ---
   at WebApplication4.ErrorHandlingMiddleware.InvokeAsync(HttpContext context, RequestDelegate next) in C:\vs_repos\csharp_najlepszepraktyki\Wikirandom\Wikirandom\WikiRandom-WebAPI\Middleware\ErrorHandlingMiddleware.cs:line 18
2022-03-12 16:45:33.8645||ERROR|WebApplication4.ErrorHandlingMiddleware|Unable to resolve service for type 'WikiRandom_WebAPI.Services.WikipediaService' while attempting to activate 'WebApplication4.Controllers.PersonController'. System.InvalidOperationException: Unable to resolve service for type 'WikiRandom_WebAPI.Services.WikipediaService' while attempting to activate 'WebApplication4.Controllers.PersonController'.
   at Microsoft.Extensions.DependencyInjection.ActivatorUtilities.GetService(IServiceProvider sp, Type type, Type requiredBy, Boolean isDefaultParameterRequired)
   at lambda_method2(Closure , IServiceProvider , Object[] )
   at Microsoft.AspNetCore.Mvc.Controllers.ControllerActivatorProvider.<>c__DisplayClass7_0.<CreateActivator>b__0(ControllerContext controllerContext)
   at Microsoft.AspNetCore.Mvc.Controllers.ControllerFactoryProvider.<>c__DisplayClass6_0.<CreateControllerFactory>g__CreateController|0(ControllerContext controllerContext)
   at Microsoft.AspNetCore.Mvc.Infrastructure.ControllerActionInvoker.Next(State& next, Scope& scope, Object& state, Boolean& isCompleted)
   at Microsoft.AspNetCore.Mvc.Infrastructure.ControllerActionInvoker.InvokeInnerFilterAsync()
--- End of stack trace from previous location ---
   at Microsoft.AspNetCore.Mvc.Infrastructure.ResourceInvoker.<InvokeFilterPipelineAsync>g__Awaited|20_0(ResourceInvoker invoker, Task lastTask, State next, Scope scope, Object state, Boolean isCompleted)
   at Microsoft.AspNetCore.Mvc.Infrastructure.ResourceInvoker.<InvokeAsync>g__Awaited|17_0(ResourceInvoker invoker, Task task, IDisposable scope)
   at Microsoft.AspNetCore.Mvc.Infrastructure.ResourceInvoker.<InvokeAsync>g__Awaited|17_0(ResourceInvoker invoker, Task task, IDisposable scope)
   at Microsoft.AspNetCore.Routing.EndpointMiddleware.<Invoke>g__AwaitRequestTask|6_0(Endpoint endpoint, Task requestTask, ILogger logger)
   at Microsoft.AspNetCore.Authorization.AuthorizationMiddleware.Invoke(HttpContext context)
   at WikiRandom_WebAPI.Middleware.RequestTimeMiddleware.InvokeAsync(HttpContext context, RequestDelegate next) in C:\vs_repos\csharp_najlepszepraktyki\Wikirandom\Wikirandom\WikiRandom-WebAPI\Middleware\RequestTimeMiddleware.cs:line 18
   at Microsoft.AspNetCore.Builder.UseMiddlewareExtensions.<>c__DisplayClass6_1.<<UseMiddlewareInterface>b__1>d.MoveNext()
--- End of stack trace from previous location ---
   at WebApplication4.ErrorHandlingMiddleware.InvokeAsync(HttpContext context, RequestDelegate next) in C:\vs_repos\csharp_najlepszepraktyki\Wikirandom\Wikirandom\WikiRandom-WebAPI\Middleware\ErrorHandlingMiddleware.cs:line 18
2022-03-12 16:45:56.6180||ERROR|WebApplication4.ErrorHandlingMiddleware|Unable to resolve service for type 'WikiRandom_WebAPI.Services.WikipediaService' while attempting to activate 'WebApplication4.Controllers.PersonController'. System.InvalidOperationException: Unable to resolve service for type 'WikiRandom_WebAPI.Services.WikipediaService' while attempting to activate 'WebApplication4.Controllers.PersonController'.
   at Microsoft.Extensions.DependencyInjection.ActivatorUtilities.GetService(IServiceProvider sp, Type type, Type requiredBy, Boolean isDefaultParameterRequired)
   at lambda_method2(Closure , IServiceProvider , Object[] )
   at Microsoft.AspNetCore.Mvc.Controllers.ControllerActivatorProvider.<>c__DisplayClass7_0.<CreateActivator>b__0(ControllerContext controllerContext)
   at Microsoft.AspNetCore.Mvc.Controllers.ControllerFactoryProvider.<>c__DisplayClass6_0.<CreateControllerFactory>g__CreateController|0(ControllerContext controllerContext)
   at Microsoft.AspNetCore.Mvc.Infrastructure.ControllerActionInvoker.Next(State& next, Scope& scope, Object& state, Boolean& isCompleted)
   at Microsoft.AspNetCore.Mvc.Infrastructure.ControllerActionInvoker.InvokeInnerFilterAsync()
--- End of stack trace from previous location ---
   at Microsoft.AspNetCore.Mvc.Infrastructure.ResourceInvoker.<InvokeFilterPipelineAsync>g__Awaited|20_0(ResourceInvoker invoker, Task lastTask, State next, Scope scope, Object state, Boolean isCompleted)
   at Microsoft.AspNetCore.Mvc.Infrastructure.ResourceInvoker.<InvokeAsync>g__Awaited|17_0(ResourceInvoker invoker, Task task, IDisposable scope)
   at Microsoft.AspNetCore.Mvc.Infrastructure.ResourceInvoker.<InvokeAsync>g__Awaited|17_0(ResourceInvoker invoker, Task task, IDisposable scope)
   at Microsoft.AspNetCore.Routing.EndpointMiddleware.<Invoke>g__AwaitRequestTask|6_0(Endpoint endpoint, Task requestTask, ILogger logger)
   at Microsoft.AspNetCore.Authorization.AuthorizationMiddleware.Invoke(HttpContext context)
   at WikiRandom_WebAPI.Middleware.RequestTimeMiddleware.InvokeAsync(HttpContext context, RequestDelegate next) in C:\vs_repos\csharp_najlepszepraktyki\Wikirandom\Wikirandom\WikiRandom-WebAPI\Middleware\RequestTimeMiddleware.cs:line 18
   at Microsoft.AspNetCore.Builder.UseMiddlewareExtensions.<>c__DisplayClass6_1.<<UseMiddlewareInterface>b__1>d.MoveNext()
--- End of stack trace from previous location ---
   at WebApplication4.ErrorHandlingMiddleware.InvokeAsync(HttpContext context, RequestDelegate next) in C:\vs_repos\csharp_najlepszepraktyki\Wikirandom\Wikirandom\WikiRandom-WebAPI\Middleware\ErrorHandlingMiddleware.cs:line 18
2022-03-12 16:46:14.7154||ERROR|WebApplication4.ErrorHandlingMiddleware|Unable to resolve service for type 'WikiRandom_WebAPI.Services.WikipediaService' while attempting to activate 'WebApplication4.Controllers.PersonController'. System.InvalidOperationException: Unable to resolve service for type 'WikiRandom_WebAPI.Services.WikipediaService' while attempting to activate 'WebApplication4.Controllers.PersonController'.
   at Microsoft.Extensions.DependencyInjection.ActivatorUtilities.GetService(IServiceProvider sp, Type type, Type requiredBy, Boolean isDefaultParameterRequired)
   at lambda_method2(Closure , IServiceProvider , Object[] )
   at Microsoft.AspNetCore.Mvc.Controllers.ControllerActivatorProvider.<>c__DisplayClass7_0.<CreateActivator>b__0(ControllerContext controllerContext)
   at Microsoft.AspNetCore.Mvc.Controllers.ControllerFactoryProvider.<>c__DisplayClass6_0.<CreateControllerFactory>g__CreateController|0(ControllerContext controllerContext)
   at Microsoft.AspNetCore.Mvc.Infrastructure.ControllerActionInvoker.Next(State& next, Scope& scope, Object& state, Boolean& isCompleted)
   at Microsoft.AspNetCore.Mvc.Infrastructure.ControllerActionInvoker.InvokeInnerFilterAsync()
--- End of stack trace from previous location ---
   at Microsoft.AspNetCore.Mvc.Infrastructure.ResourceInvoker.<InvokeFilterPipelineAsync>g__Awaited|20_0(ResourceInvoker invoker, Task lastTask, State next, Scope scope, Object state, Boolean isCompleted)
   at Microsoft.AspNetCore.Mvc.Infrastructure.ResourceInvoker.<InvokeAsync>g__Awaited|17_0(ResourceInvoker invoker, Task task, IDisposable scope)
   at Microsoft.AspNetCore.Mvc.Infrastructure.ResourceInvoker.<InvokeAsync>g__Awaited|17_0(ResourceInvoker invoker, Task task, IDisposable scope)
   at Microsoft.AspNetCore.Routing.EndpointMiddleware.<Invoke>g__AwaitRequestTask|6_0(Endpoint endpoint, Task requestTask, ILogger logger)
   at Microsoft.AspNetCore.Authorization.AuthorizationMiddleware.Invoke(HttpContext context)
   at WikiRandom_WebAPI.Middleware.RequestTimeMiddleware.InvokeAsync(HttpContext context, RequestDelegate next) in C:\vs_repos\csharp_najlepszepraktyki\Wikirandom\Wikirandom\WikiRandom-WebAPI\Middleware\RequestTimeMiddleware.cs:line 18
   at Microsoft.AspNetCore.Builder.UseMiddlewareExtensions.<>c__DisplayClass6_1.<<UseMiddlewareInterface>b__1>d.MoveNext()
--- End of stack trace from previous location ---
   at WebApplication4.ErrorHandlingMiddleware.InvokeAsync(HttpContext context, RequestDelegate next) in C:\vs_repos\csharp_najlepszepraktyki\Wikirandom\Wikirandom\WikiRandom-WebAPI\Middleware\ErrorHandlingMiddleware.cs:line 18
2022-03-12 16:46:49.2371||ERROR|WebApplication4.ErrorHandlingMiddleware|Unable to resolve service for type 'WikiRandom_WebAPI.Services.WikipediaService' while attempting to activate 'WebApplication4.Controllers.PersonController'. System.InvalidOperationException: Unable to resolve service for type 'WikiRandom_WebAPI.Services.WikipediaService' while attempting to activate 'WebApplication4.Controllers.PersonController'.
   at Microsoft.Extensions.DependencyInjection.ActivatorUtilities.GetService(IServiceProvider sp, Type type, Type requiredBy, Boolean isDefaultParameterRequired)
   at lambda_method2(Closure , IServiceProvider , Object[] )
   at Microsoft.AspNetCore.Mvc.Controllers.ControllerActivatorProvider.<>c__DisplayClass7_0.<CreateActivator>b__0(ControllerContext controllerContext)
   at Microsoft.AspNetCore.Mvc.Controllers.ControllerFactoryProvider.<>c__DisplayClass6_0.<CreateControllerFactory>g__CreateController|0(ControllerContext controllerContext)
   at Microsoft.AspNetCore.Mvc.Infrastructure.ControllerActionInvoker.Next(State& next, Scope& scope, Object& state, Boolean& isCompleted)
   at Microsoft.AspNetCore.Mvc.Infrastructure.ControllerActionInvoker.InvokeInnerFilterAsync()
--- End of stack trace from previous location ---
   at Microsoft.AspNetCore.Mvc.Infrastructure.ResourceInvoker.<InvokeFilterPipelineAsync>g__Awaited|20_0(ResourceInvoker invoker, Task lastTask, State next, Scope scope, Object state, Boolean isCompleted)
   at Microsoft.AspNetCore.Mvc.Infrastructure.ResourceInvoker.<InvokeAsync>g__Awaited|17_0(ResourceInvoker invoker, Task task, IDisposable scope)
   at Microsoft.AspNetCore.Mvc.Infrastructure.ResourceInvoker.<InvokeAsync>g__Awaited|17_0(ResourceInvoker invoker, Task task, IDisposable scope)
   at Microsoft.AspNetCore.Routing.EndpointMiddleware.<Invoke>g__AwaitRequestTask|6_0(Endpoint endpoint, Task requestTask, ILogger logger)
   at Microsoft.AspNetCore.Authorization.AuthorizationMiddleware.Invoke(HttpContext context)
   at WikiRandom_WebAPI.Middleware.RequestTimeMiddleware.InvokeAsync(HttpContext context, RequestDelegate next) in C:\vs_repos\csharp_najlepszepraktyki\Wikirandom\Wikirandom\WikiRandom-WebAPI\Middleware\RequestTimeMiddleware.cs:line 18
   at Microsoft.AspNetCore.Builder.UseMiddlewareExtensions.<>c__DisplayClass6_1.<<UseMiddlewareInterface>b__1>d.MoveNext()
--- End of stack trace from previous location ---
   at WebApplication4.ErrorHandlingMiddleware.InvokeAsync(HttpContext context, RequestDelegate next) in C:\vs_repos\csharp_najlepszepraktyki\Wikirandom\Wikirandom\WikiRandom-WebAPI\Middleware\ErrorHandlingMiddleware.cs:line 18
2022-03-12 16:46:53.4045||ERROR|WebApplication4.ErrorHandlingMiddleware|Unable to resolve service for type 'WikiRandom_WebAPI.Services.WikipediaService' while attempting to activate 'WebApplication4.Controllers.PersonController'. System.InvalidOperationException: Unable to resolve service for type 'WikiRandom_WebAPI.Services.WikipediaService' while attempting to activate 'WebApplication4.Controllers.PersonController'.
   at Microsoft.Extensions.DependencyInjection.ActivatorUtilities.GetService(IServiceProvider sp, Type type, Type requiredBy, Boolean isDefaultParameterRequired)
   at lambda_method4(Closure , IServiceProvider , Object[] )
   at Microsoft.AspNetCore.Mvc.Controllers.ControllerActivatorProvider.<>c__DisplayClass7_0.<CreateActivator>b__0(ControllerContext controllerContext)
   at Microsoft.AspNetCore.Mvc.Controllers.ControllerFactoryProvider.<>c__DisplayClass6_0.<CreateControllerFactory>g__CreateController|0(ControllerContext controllerContext)
   at Microsoft.AspNetCore.Mvc.Infrastructure.ControllerActionInvoker.Next(State& next, Scope& scope, Object& state, Boolean& isCompleted)
   at Microsoft.AspNetCore.Mvc.Infrastructure.ControllerActionInvoker.InvokeInnerFilterAsync()
--- End of stack trace from previous location ---
   at Microsoft.AspNetCore.Mvc.Infrastructure.ResourceInvoker.<InvokeFilterPipelineAsync>g__Awaited|20_0(ResourceInvoker invoker, Task lastTask, State next, Scope scope, Object state, Boolean isCompleted)
   at Microsoft.AspNetCore.Mvc.Infrastructure.ResourceInvoker.<InvokeAsync>g__Awaited|17_0(ResourceInvoker invoker, Task task, IDisposable scope)
   at Microsoft.AspNetCore.Mvc.Infrastructure.ResourceInvoker.<InvokeAsync>g__Awaited|17_0(ResourceInvoker invoker, Task task, IDisposable scope)
   at Microsoft.AspNetCore.Routing.EndpointMiddleware.<Invoke>g__AwaitRequestTask|6_0(Endpoint endpoint, Task requestTask, ILogger logger)
   at Microsoft.AspNetCore.Authorization.AuthorizationMiddleware.Invoke(HttpContext context)
   at WikiRandom_WebAPI.Middleware.RequestTimeMiddleware.InvokeAsync(HttpContext context, RequestDelegate next) in C:\vs_repos\csharp_najlepszepraktyki\Wikirandom\Wikirandom\WikiRandom-WebAPI\Middleware\RequestTimeMiddleware.cs:line 18
   at Microsoft.AspNetCore.Builder.UseMiddlewareExtensions.<>c__DisplayClass6_1.<<UseMiddlewareInterface>b__1>d.MoveNext()
--- End of stack trace from previous location ---
   at WebApplication4.ErrorHandlingMiddleware.InvokeAsync(HttpContext context, RequestDelegate next) in C:\vs_repos\csharp_najlepszepraktyki\Wikirandom\Wikirandom\WikiRandom-WebAPI\Middleware\ErrorHandlingMiddleware.cs:line 18
2022-03-12 16:47:10.0411||ERROR|WebApplication4.ErrorHandlingMiddleware|Unable to resolve service for type 'WikiRandom_WebAPI.Services.WikipediaService' while attempting to activate 'WebApplication4.Controllers.PersonController'. System.InvalidOperationException: Unable to resolve service for type 'WikiRandom_WebAPI.Services.WikipediaService' while attempting to activate 'WebApplication4.Controllers.PersonController'.
   at Microsoft.Extensions.DependencyInjection.ActivatorUtilities.GetService(IServiceProvider sp, Type type, Type requiredBy, Boolean isDefaultParameterRequired)
   at lambda_method4(Closure , IServiceProvider , Object[] )
   at Microsoft.AspNetCore.Mvc.Controllers.ControllerActivatorProvider.<>c__DisplayClass7_0.<CreateActivator>b__0(ControllerContext controllerContext)
   at Microsoft.AspNetCore.Mvc.Controllers.ControllerFactoryProvider.<>c__DisplayClass6_0.<CreateControllerFactory>g__CreateController|0(ControllerContext controllerContext)
   at Microsoft.AspNetCore.Mvc.Infrastructure.ControllerActionInvoker.Next(State& next, Scope& scope, Object& state, Boolean& isCompleted)
   at Microsoft.AspNetCore.Mvc.Infrastructure.ControllerActionInvoker.InvokeInnerFilterAsync()
--- End of stack trace from previous location ---
   at Microsoft.AspNetCore.Mvc.Infrastructure.ResourceInvoker.<InvokeFilterPipelineAsync>g__Awaited|20_0(ResourceInvoker invoker, Task lastTask, State next, Scope scope, Object state, Boolean isCompleted)
   at Microsoft.AspNetCore.Mvc.Infrastructure.ResourceInvoker.<InvokeAsync>g__Awaited|17_0(ResourceInvoker invoker, Task task, IDisposable scope)
   at Microsoft.AspNetCore.Mvc.Infrastructure.ResourceInvoker.<InvokeAsync>g__Awaited|17_0(ResourceInvoker invoker, Task task, IDisposable scope)
   at Microsoft.AspNetCore.Routing.EndpointMiddleware.<Invoke>g__AwaitRequestTask|6_0(Endpoint endpoint, Task requestTask, ILogger logger)
   at Microsoft.AspNetCore.Authorization.AuthorizationMiddleware.Invoke(HttpContext context)
   at WikiRandom_WebAPI.Middleware.RequestTimeMiddleware.InvokeAsync(HttpContext context, RequestDelegate next) in C:\vs_repos\csharp_najlepszepraktyki\Wikirandom\Wikirandom\WikiRandom-WebAPI\Middleware\RequestTimeMiddleware.cs:line 18
   at Microsoft.AspNetCore.Builder.UseMiddlewareExtensions.<>c__DisplayClass6_1.<<UseMiddlewareInterface>b__1>d.MoveNext()
--- End of stack trace from previous location ---
   at WebApplication4.ErrorHandlingMiddleware.InvokeAsync(HttpContext context, RequestDelegate next) in C:\vs_repos\csharp_najlepszepraktyki\Wikirandom\Wikirandom\WikiRandom-WebAPI\Middleware\ErrorHandlingMiddleware.cs:line 18
2022-03-12 16:49:55.2308|14|INFO|Microsoft.Hosting.Lifetime|Now listening on: https://localhost:5001 
2022-03-12 16:49:55.2922|14|INFO|Microsoft.Hosting.Lifetime|Now listening on: http://localhost:5000 
2022-03-12 16:49:55.3021||INFO|Microsoft.Hosting.Lifetime|Application started. Press Ctrl+C to shut down. 
2022-03-12 16:49:55.3021||INFO|Microsoft.Hosting.Lifetime|Hosting environment: Development 
2022-03-12 16:49:55.3100||INFO|Microsoft.Hosting.Lifetime|Content root path: C:\vs_repos\csharp_najlepszepraktyki\Wikirandom\Wikirandom\WikiRandom-WebAPI 
2022-03-12 16:50:43.6386||INFO|WikiRandom_WebAPI.Middleware.RequestTimeMiddleware|Request timeout. Request took more than 30 seconds. 
