2022-01-10 09:03:35.7739|14|INFO|Microsoft.Hosting.Lifetime|Now listening on: https://localhost:5001 
2022-01-10 09:03:35.8198|14|INFO|Microsoft.Hosting.Lifetime|Now listening on: http://localhost:5000 
2022-01-10 09:03:35.8242||INFO|Microsoft.Hosting.Lifetime|Application started. Press Ctrl+C to shut down. 
2022-01-10 09:03:35.8242||INFO|Microsoft.Hosting.Lifetime|Hosting environment: Development 
2022-01-10 09:03:35.8242||INFO|Microsoft.Hosting.Lifetime|Content root path: C:\vs_repos\csharp_najlepszepraktyki\Wikirandom\Wikirandom\WikiRandom-WebAPI 
2022-01-10 09:16:00.0412|14|INFO|Microsoft.Hosting.Lifetime|Now listening on: https://localhost:5001 
2022-01-10 09:16:00.1013|14|INFO|Microsoft.Hosting.Lifetime|Now listening on: http://localhost:5000 
2022-01-10 09:16:00.1013||INFO|Microsoft.Hosting.Lifetime|Application started. Press Ctrl+C to shut down. 
2022-01-10 09:16:00.1013||INFO|Microsoft.Hosting.Lifetime|Hosting environment: Development 
2022-01-10 09:16:00.1168||INFO|Microsoft.Hosting.Lifetime|Content root path: C:\vs_repos\csharp_najlepszepraktyki\Wikirandom\Wikirandom\WikiRandom-WebAPI 
2022-01-10 09:27:40.0899|14|INFO|Microsoft.Hosting.Lifetime|Now listening on: https://localhost:5001 
2022-01-10 09:27:40.1448|14|INFO|Microsoft.Hosting.Lifetime|Now listening on: http://localhost:5000 
2022-01-10 09:27:40.1774||INFO|Microsoft.Hosting.Lifetime|Application started. Press Ctrl+C to shut down. 
2022-01-10 09:27:40.1822||INFO|Microsoft.Hosting.Lifetime|Hosting environment: Development 
2022-01-10 09:27:40.1822||INFO|Microsoft.Hosting.Lifetime|Content root path: C:\vs_repos\csharp_najlepszepraktyki\Wikirandom\Wikirandom\WikiRandom-WebAPI 
2022-01-10 09:28:45.5320||INFO|WikiRandom_WebAPI.Middleware.RequestTimeMiddleware|Request timeout. Request took more than 30 seconds. 
2022-01-10 09:30:45.2221||INFO|WikiRandom_WebAPI.Middleware.RequestTimeMiddleware|Request timeout. Request took more than 30 seconds. 
2022-01-10 09:54:31.6333|14|INFO|Microsoft.Hosting.Lifetime|Now listening on: https://localhost:5001 
2022-01-10 09:54:31.7086|14|INFO|Microsoft.Hosting.Lifetime|Now listening on: http://localhost:5000 
2022-01-10 09:54:31.7167||INFO|Microsoft.Hosting.Lifetime|Application started. Press Ctrl+C to shut down. 
2022-01-10 09:54:31.7167||INFO|Microsoft.Hosting.Lifetime|Hosting environment: Development 
2022-01-10 09:54:31.7167||INFO|Microsoft.Hosting.Lifetime|Content root path: C:\vs_repos\csharp_najlepszepraktyki\Wikirandom\Wikirandom\WikiRandom-WebAPI 
2022-01-10 13:18:17.1345|14|INFO|Microsoft.Hosting.Lifetime|Now listening on: https://localhost:5001 
2022-01-10 13:18:17.2356|14|INFO|Microsoft.Hosting.Lifetime|Now listening on: http://localhost:5000 
2022-01-10 13:18:17.2449||INFO|Microsoft.Hosting.Lifetime|Application started. Press Ctrl+C to shut down. 
2022-01-10 13:18:17.2449||INFO|Microsoft.Hosting.Lifetime|Hosting environment: Development 
2022-01-10 13:18:17.2449||INFO|Microsoft.Hosting.Lifetime|Content root path: C:\vs_repos\csharp_najlepszepraktyki\Wikirandom\Wikirandom\WikiRandom-WebAPI 
2022-01-10 14:16:17.7546|14|INFO|Microsoft.Hosting.Lifetime|Now listening on: https://localhost:5001 
2022-01-10 14:16:17.8228|14|INFO|Microsoft.Hosting.Lifetime|Now listening on: http://localhost:5000 
2022-01-10 14:16:17.8228||INFO|Microsoft.Hosting.Lifetime|Application started. Press Ctrl+C to shut down. 
2022-01-10 14:16:17.8360||INFO|Microsoft.Hosting.Lifetime|Hosting environment: Development 
2022-01-10 14:16:17.8360||INFO|Microsoft.Hosting.Lifetime|Content root path: C:\vs_repos\csharp_najlepszepraktyki\Wikirandom\Wikirandom\WikiRandom-WebAPI 
2022-01-10 14:17:17.5444||ERROR|WebApplication4.ErrorHandlingMiddleware|Bad request WebApplication4.Middleware.BadRequestException: Bad request
   at WikiRandom_WebAPI.Services.Classes.WikipediaService.PutPerson(PersonDTO personDTO, Int32 id) in C:\vs_repos\csharp_najlepszepraktyki\Wikirandom\Wikirandom\WikiRandom-WebAPI\Services\Classes\WikipediaService.cs:line 189
   at WebApplication4.Controllers.WikiServiceController.PutPerson(PersonDTO personDTO, Int32 id) in C:\vs_repos\csharp_najlepszepraktyki\Wikirandom\Wikirandom\WikiRandom-WebAPI\Controllers\WikiServiceController.cs:line 58
   at lambda_method74(Closure , Object , Object[] )
   at Microsoft.AspNetCore.Mvc.Infrastructure.ActionMethodExecutor.SyncActionResultExecutor.Execute(IActionResultTypeMapper mapper, ObjectMethodExecutor executor, Object controller, Object[] arguments)
   at Microsoft.AspNetCore.Mvc.Infrastructure.ControllerActionInvoker.InvokeActionMethodAsync()
   at Microsoft.AspNetCore.Mvc.Infrastructure.ControllerActionInvoker.Next(State& next, Scope& scope, Object& state, Boolean& isCompleted)
   at Microsoft.AspNetCore.Mvc.Infrastructure.ControllerActionInvoker.InvokeNextActionFilterAsync()
--- End of stack trace from previous location ---
   at Microsoft.AspNetCore.Mvc.Infrastructure.ControllerActionInvoker.Rethrow(ActionExecutedContextSealed context)
   at Microsoft.AspNetCore.Mvc.Infrastructure.ControllerActionInvoker.Next(State& next, Scope& scope, Object& state, Boolean& isCompleted)
   at Microsoft.AspNetCore.Mvc.Infrastructure.ControllerActionInvoker.InvokeInnerFilterAsync()
--- End of stack trace from previous location ---
   at Microsoft.AspNetCore.Mvc.Infrastructure.ResourceInvoker.<InvokeFilterPipelineAsync>g__Awaited|20_0(ResourceInvoker invoker, Task lastTask, State next, Scope scope, Object state, Boolean isCompleted)
   at Microsoft.AspNetCore.Mvc.Infrastructure.ResourceInvoker.<InvokeAsync>g__Awaited|17_0(ResourceInvoker invoker, Task task, IDisposable scope)
   at Microsoft.AspNetCore.Mvc.Infrastructure.ResourceInvoker.<InvokeAsync>g__Awaited|17_0(ResourceInvoker invoker, Task task, IDisposable scope)
   at Microsoft.AspNetCore.Routing.EndpointMiddleware.<Invoke>g__AwaitRequestTask|6_0(Endpoint endpoint, Task requestTask, ILogger logger)
   at Microsoft.AspNetCore.Authorization.AuthorizationMiddleware.Invoke(HttpContext context)
   at WikiRandom_WebAPI.Middleware.RequestTimeMiddleware.InvokeAsync(HttpContext context, RequestDelegate next) in C:\vs_repos\csharp_najlepszepraktyki\Wikirandom\Wikirandom\WikiRandom-WebAPI\Middleware\RequestTimeMiddleware.cs:line 18
   at Microsoft.AspNetCore.Builder.UseMiddlewareExtensions.<>c__DisplayClass6_1.<<UseMiddlewareInterface>b__1>d.MoveNext()
--- End of stack trace from previous location ---
   at WebApplication4.ErrorHandlingMiddleware.InvokeAsync(HttpContext context, RequestDelegate next) in C:\vs_repos\csharp_najlepszepraktyki\Wikirandom\Wikirandom\WikiRandom-WebAPI\Middleware\ErrorHandlingMiddleware.cs:line 18
2022-01-10 14:18:17.0031|14|INFO|Microsoft.Hosting.Lifetime|Now listening on: https://localhost:5001 
2022-01-10 14:18:17.0705|14|INFO|Microsoft.Hosting.Lifetime|Now listening on: http://localhost:5000 
2022-01-10 14:18:17.0705||INFO|Microsoft.Hosting.Lifetime|Application started. Press Ctrl+C to shut down. 
2022-01-10 14:18:17.0705||INFO|Microsoft.Hosting.Lifetime|Hosting environment: Development 
2022-01-10 14:18:17.0867||INFO|Microsoft.Hosting.Lifetime|Content root path: C:\vs_repos\csharp_najlepszepraktyki\Wikirandom\Wikirandom\WikiRandom-WebAPI 
2022-01-10 14:18:31.5249||ERROR|WebApplication4.ErrorHandlingMiddleware|Bad request WebApplication4.Middleware.BadRequestException: Bad request
   at WikiRandom_WebAPI.Services.Classes.WikipediaService.PutPerson(PersonDTO personDTO, Int32 id) in C:\vs_repos\csharp_najlepszepraktyki\Wikirandom\Wikirandom\WikiRandom-WebAPI\Services\Classes\WikipediaService.cs:line 189
   at WebApplication4.Controllers.WikiServiceController.PutPerson(PersonDTO personDTO, Int32 id) in C:\vs_repos\csharp_najlepszepraktyki\Wikirandom\Wikirandom\WikiRandom-WebAPI\Controllers\WikiServiceController.cs:line 58
   at lambda_method5(Closure , Object , Object[] )
   at Microsoft.AspNetCore.Mvc.Infrastructure.ActionMethodExecutor.SyncActionResultExecutor.Execute(IActionResultTypeMapper mapper, ObjectMethodExecutor executor, Object controller, Object[] arguments)
   at Microsoft.AspNetCore.Mvc.Infrastructure.ControllerActionInvoker.InvokeActionMethodAsync()
   at Microsoft.AspNetCore.Mvc.Infrastructure.ControllerActionInvoker.Next(State& next, Scope& scope, Object& state, Boolean& isCompleted)
   at Microsoft.AspNetCore.Mvc.Infrastructure.ControllerActionInvoker.InvokeNextActionFilterAsync()
--- End of stack trace from previous location ---
   at Microsoft.AspNetCore.Mvc.Infrastructure.ControllerActionInvoker.Rethrow(ActionExecutedContextSealed context)
   at Microsoft.AspNetCore.Mvc.Infrastructure.ControllerActionInvoker.Next(State& next, Scope& scope, Object& state, Boolean& isCompleted)
   at Microsoft.AspNetCore.Mvc.Infrastructure.ControllerActionInvoker.InvokeInnerFilterAsync()
--- End of stack trace from previous location ---
   at Microsoft.AspNetCore.Mvc.Infrastructure.ResourceInvoker.<InvokeFilterPipelineAsync>g__Awaited|20_0(ResourceInvoker invoker, Task lastTask, State next, Scope scope, Object state, Boolean isCompleted)
   at Microsoft.AspNetCore.Mvc.Infrastructure.ResourceInvoker.<InvokeAsync>g__Awaited|17_0(ResourceInvoker invoker, Task task, IDisposable scope)
   at Microsoft.AspNetCore.Mvc.Infrastructure.ResourceInvoker.<InvokeAsync>g__Awaited|17_0(ResourceInvoker invoker, Task task, IDisposable scope)
   at Microsoft.AspNetCore.Routing.EndpointMiddleware.<Invoke>g__AwaitRequestTask|6_0(Endpoint endpoint, Task requestTask, ILogger logger)
   at Microsoft.AspNetCore.Authorization.AuthorizationMiddleware.Invoke(HttpContext context)
   at WikiRandom_WebAPI.Middleware.RequestTimeMiddleware.InvokeAsync(HttpContext context, RequestDelegate next) in C:\vs_repos\csharp_najlepszepraktyki\Wikirandom\Wikirandom\WikiRandom-WebAPI\Middleware\RequestTimeMiddleware.cs:line 18
   at Microsoft.AspNetCore.Builder.UseMiddlewareExtensions.<>c__DisplayClass6_1.<<UseMiddlewareInterface>b__1>d.MoveNext()
--- End of stack trace from previous location ---
   at WebApplication4.ErrorHandlingMiddleware.InvokeAsync(HttpContext context, RequestDelegate next) in C:\vs_repos\csharp_najlepszepraktyki\Wikirandom\Wikirandom\WikiRandom-WebAPI\Middleware\ErrorHandlingMiddleware.cs:line 18
2022-01-10 14:21:07.4940|14|INFO|Microsoft.Hosting.Lifetime|Now listening on: https://localhost:5001 
2022-01-10 14:21:07.5507|14|INFO|Microsoft.Hosting.Lifetime|Now listening on: http://localhost:5000 
2022-01-10 14:21:07.5578||INFO|Microsoft.Hosting.Lifetime|Application started. Press Ctrl+C to shut down. 
2022-01-10 14:21:07.5578||INFO|Microsoft.Hosting.Lifetime|Hosting environment: Development 
2022-01-10 14:21:07.5578||INFO|Microsoft.Hosting.Lifetime|Content root path: C:\vs_repos\csharp_najlepszepraktyki\Wikirandom\Wikirandom\WikiRandom-WebAPI 
2022-01-10 14:22:12.3012||ERROR|WebApplication4.ErrorHandlingMiddleware|Article with proper id has to be provided WebApplication4.Middleware.BadRequestException: Article with proper id has to be provided
   at WikiRandom_WebAPI.Services.Classes.WikipediaService.PatchPerson(PersonDTO personDTO, Int32 id) in C:\vs_repos\csharp_najlepszepraktyki\Wikirandom\Wikirandom\WikiRandom-WebAPI\Services\Classes\WikipediaService.cs:line 243
   at WebApplication4.Controllers.WikiServiceController.PatchPerson(PersonDTO personDTO, Int32 id) in C:\vs_repos\csharp_najlepszepraktyki\Wikirandom\Wikirandom\WikiRandom-WebAPI\Controllers\WikiServiceController.cs:line 67
   at lambda_method111(Closure , Object , Object[] )
   at Microsoft.AspNetCore.Mvc.Infrastructure.ActionMethodExecutor.SyncActionResultExecutor.Execute(IActionResultTypeMapper mapper, ObjectMethodExecutor executor, Object controller, Object[] arguments)
   at Microsoft.AspNetCore.Mvc.Infrastructure.ControllerActionInvoker.InvokeActionMethodAsync()
   at Microsoft.AspNetCore.Mvc.Infrastructure.ControllerActionInvoker.Next(State& next, Scope& scope, Object& state, Boolean& isCompleted)
   at Microsoft.AspNetCore.Mvc.Infrastructure.ControllerActionInvoker.InvokeNextActionFilterAsync()
--- End of stack trace from previous location ---
   at Microsoft.AspNetCore.Mvc.Infrastructure.ControllerActionInvoker.Rethrow(ActionExecutedContextSealed context)
   at Microsoft.AspNetCore.Mvc.Infrastructure.ControllerActionInvoker.Next(State& next, Scope& scope, Object& state, Boolean& isCompleted)
   at Microsoft.AspNetCore.Mvc.Infrastructure.ControllerActionInvoker.InvokeInnerFilterAsync()
--- End of stack trace from previous location ---
   at Microsoft.AspNetCore.Mvc.Infrastructure.ResourceInvoker.<InvokeFilterPipelineAsync>g__Awaited|20_0(ResourceInvoker invoker, Task lastTask, State next, Scope scope, Object state, Boolean isCompleted)
   at Microsoft.AspNetCore.Mvc.Infrastructure.ResourceInvoker.<InvokeAsync>g__Awaited|17_0(ResourceInvoker invoker, Task task, IDisposable scope)
   at Microsoft.AspNetCore.Mvc.Infrastructure.ResourceInvoker.<InvokeAsync>g__Awaited|17_0(ResourceInvoker invoker, Task task, IDisposable scope)
   at Microsoft.AspNetCore.Routing.EndpointMiddleware.<Invoke>g__AwaitRequestTask|6_0(Endpoint endpoint, Task requestTask, ILogger logger)
   at Microsoft.AspNetCore.Authorization.AuthorizationMiddleware.Invoke(HttpContext context)
   at WikiRandom_WebAPI.Middleware.RequestTimeMiddleware.InvokeAsync(HttpContext context, RequestDelegate next) in C:\vs_repos\csharp_najlepszepraktyki\Wikirandom\Wikirandom\WikiRandom-WebAPI\Middleware\RequestTimeMiddleware.cs:line 18
   at Microsoft.AspNetCore.Builder.UseMiddlewareExtensions.<>c__DisplayClass6_1.<<UseMiddlewareInterface>b__1>d.MoveNext()
--- End of stack trace from previous location ---
   at WebApplication4.ErrorHandlingMiddleware.InvokeAsync(HttpContext context, RequestDelegate next) in C:\vs_repos\csharp_najlepszepraktyki\Wikirandom\Wikirandom\WikiRandom-WebAPI\Middleware\ErrorHandlingMiddleware.cs:line 18
2022-01-10 14:23:00.8382||ERROR|WebApplication4.ErrorHandlingMiddleware|Article with proper id and matching PersonId has to be provided WebApplication4.Middleware.BadRequestException: Article with proper id and matching PersonId has to be provided
   at WikiRandom_WebAPI.Services.Classes.WikipediaService.UpdatePersonArticle(HttpRESTMethods httpMethod, PersonDTO personDTO, Person person, List`1 articlesJSON, List`1 articlesDB) in C:\vs_repos\csharp_najlepszepraktyki\Wikirandom\Wikirandom\WikiRandom-WebAPI\Services\Classes\WikipediaService.cs:line 80
   at WikiRandom_WebAPI.Services.Classes.WikipediaService.PatchPerson(PersonDTO personDTO, Int32 id) in C:\vs_repos\csharp_najlepszepraktyki\Wikirandom\Wikirandom\WikiRandom-WebAPI\Services\Classes\WikipediaService.cs:line 248
   at WebApplication4.Controllers.WikiServiceController.PatchPerson(PersonDTO personDTO, Int32 id) in C:\vs_repos\csharp_najlepszepraktyki\Wikirandom\Wikirandom\WikiRandom-WebAPI\Controllers\WikiServiceController.cs:line 67
   at lambda_method111(Closure , Object , Object[] )
   at Microsoft.AspNetCore.Mvc.Infrastructure.ActionMethodExecutor.SyncActionResultExecutor.Execute(IActionResultTypeMapper mapper, ObjectMethodExecutor executor, Object controller, Object[] arguments)
   at Microsoft.AspNetCore.Mvc.Infrastructure.ControllerActionInvoker.InvokeActionMethodAsync()
   at Microsoft.AspNetCore.Mvc.Infrastructure.ControllerActionInvoker.Next(State& next, Scope& scope, Object& state, Boolean& isCompleted)
   at Microsoft.AspNetCore.Mvc.Infrastructure.ControllerActionInvoker.InvokeNextActionFilterAsync()
--- End of stack trace from previous location ---
   at Microsoft.AspNetCore.Mvc.Infrastructure.ControllerActionInvoker.Rethrow(ActionExecutedContextSealed context)
   at Microsoft.AspNetCore.Mvc.Infrastructure.ControllerActionInvoker.Next(State& next, Scope& scope, Object& state, Boolean& isCompleted)
   at Microsoft.AspNetCore.Mvc.Infrastructure.ControllerActionInvoker.InvokeInnerFilterAsync()
--- End of stack trace from previous location ---
   at Microsoft.AspNetCore.Mvc.Infrastructure.ResourceInvoker.<InvokeFilterPipelineAsync>g__Awaited|20_0(ResourceInvoker invoker, Task lastTask, State next, Scope scope, Object state, Boolean isCompleted)
   at Microsoft.AspNetCore.Mvc.Infrastructure.ResourceInvoker.<InvokeAsync>g__Awaited|17_0(ResourceInvoker invoker, Task task, IDisposable scope)
   at Microsoft.AspNetCore.Mvc.Infrastructure.ResourceInvoker.<InvokeAsync>g__Awaited|17_0(ResourceInvoker invoker, Task task, IDisposable scope)
   at Microsoft.AspNetCore.Routing.EndpointMiddleware.<Invoke>g__AwaitRequestTask|6_0(Endpoint endpoint, Task requestTask, ILogger logger)
   at Microsoft.AspNetCore.Authorization.AuthorizationMiddleware.Invoke(HttpContext context)
   at WikiRandom_WebAPI.Middleware.RequestTimeMiddleware.InvokeAsync(HttpContext context, RequestDelegate next) in C:\vs_repos\csharp_najlepszepraktyki\Wikirandom\Wikirandom\WikiRandom-WebAPI\Middleware\RequestTimeMiddleware.cs:line 18
   at Microsoft.AspNetCore.Builder.UseMiddlewareExtensions.<>c__DisplayClass6_1.<<UseMiddlewareInterface>b__1>d.MoveNext()
--- End of stack trace from previous location ---
   at WebApplication4.ErrorHandlingMiddleware.InvokeAsync(HttpContext context, RequestDelegate next) in C:\vs_repos\csharp_najlepszepraktyki\Wikirandom\Wikirandom\WikiRandom-WebAPI\Middleware\ErrorHandlingMiddleware.cs:line 18
2022-01-10 14:25:07.0690||ERROR|WebApplication4.ErrorHandlingMiddleware|Article with proper id and matching PersonId has to be provided WebApplication4.Middleware.BadRequestException: Article with proper id and matching PersonId has to be provided
   at WikiRandom_WebAPI.Services.Classes.WikipediaService.UpdatePersonArticle(HttpRESTMethods httpMethod, PersonDTO personDTO, Person person, List`1 articlesJSON, List`1 articlesDB) in C:\vs_repos\csharp_najlepszepraktyki\Wikirandom\Wikirandom\WikiRandom-WebAPI\Services\Classes\WikipediaService.cs:line 88
   at WikiRandom_WebAPI.Services.Classes.WikipediaService.PatchPerson(PersonDTO personDTO, Int32 id) in C:\vs_repos\csharp_najlepszepraktyki\Wikirandom\Wikirandom\WikiRandom-WebAPI\Services\Classes\WikipediaService.cs:line 248
   at WebApplication4.Controllers.WikiServiceController.PatchPerson(PersonDTO personDTO, Int32 id) in C:\vs_repos\csharp_najlepszepraktyki\Wikirandom\Wikirandom\WikiRandom-WebAPI\Controllers\WikiServiceController.cs:line 67
   at lambda_method111(Closure , Object , Object[] )
   at Microsoft.AspNetCore.Mvc.Infrastructure.ActionMethodExecutor.SyncActionResultExecutor.Execute(IActionResultTypeMapper mapper, ObjectMethodExecutor executor, Object controller, Object[] arguments)
   at Microsoft.AspNetCore.Mvc.Infrastructure.ControllerActionInvoker.InvokeActionMethodAsync()
   at Microsoft.AspNetCore.Mvc.Infrastructure.ControllerActionInvoker.Next(State& next, Scope& scope, Object& state, Boolean& isCompleted)
   at Microsoft.AspNetCore.Mvc.Infrastructure.ControllerActionInvoker.InvokeNextActionFilterAsync()
--- End of stack trace from previous location ---
   at Microsoft.AspNetCore.Mvc.Infrastructure.ControllerActionInvoker.Rethrow(ActionExecutedContextSealed context)
   at Microsoft.AspNetCore.Mvc.Infrastructure.ControllerActionInvoker.Next(State& next, Scope& scope, Object& state, Boolean& isCompleted)
   at Microsoft.AspNetCore.Mvc.Infrastructure.ControllerActionInvoker.InvokeInnerFilterAsync()
--- End of stack trace from previous location ---
   at Microsoft.AspNetCore.Mvc.Infrastructure.ResourceInvoker.<InvokeFilterPipelineAsync>g__Awaited|20_0(ResourceInvoker invoker, Task lastTask, State next, Scope scope, Object state, Boolean isCompleted)
   at Microsoft.AspNetCore.Mvc.Infrastructure.ResourceInvoker.<InvokeAsync>g__Awaited|17_0(ResourceInvoker invoker, Task task, IDisposable scope)
   at Microsoft.AspNetCore.Mvc.Infrastructure.ResourceInvoker.<InvokeAsync>g__Awaited|17_0(ResourceInvoker invoker, Task task, IDisposable scope)
   at Microsoft.AspNetCore.Routing.EndpointMiddleware.<Invoke>g__AwaitRequestTask|6_0(Endpoint endpoint, Task requestTask, ILogger logger)
   at Microsoft.AspNetCore.Authorization.AuthorizationMiddleware.Invoke(HttpContext context)
   at WikiRandom_WebAPI.Middleware.RequestTimeMiddleware.InvokeAsync(HttpContext context, RequestDelegate next) in C:\vs_repos\csharp_najlepszepraktyki\Wikirandom\Wikirandom\WikiRandom-WebAPI\Middleware\RequestTimeMiddleware.cs:line 18
   at Microsoft.AspNetCore.Builder.UseMiddlewareExtensions.<>c__DisplayClass6_1.<<UseMiddlewareInterface>b__1>d.MoveNext()
--- End of stack trace from previous location ---
   at WebApplication4.ErrorHandlingMiddleware.InvokeAsync(HttpContext context, RequestDelegate next) in C:\vs_repos\csharp_najlepszepraktyki\Wikirandom\Wikirandom\WikiRandom-WebAPI\Middleware\ErrorHandlingMiddleware.cs:line 18
2022-01-10 14:25:59.5747||ERROR|WebApplication4.ErrorHandlingMiddleware|Article with proper id and matching PersonId has to be provided WebApplication4.Middleware.BadRequestException: Article with proper id and matching PersonId has to be provided
   at WikiRandom_WebAPI.Services.Classes.WikipediaService.UpdatePersonArticle(HttpRESTMethods httpMethod, PersonDTO personDTO, Person person, List`1 articlesJSON, List`1 articlesDB) in C:\vs_repos\csharp_najlepszepraktyki\Wikirandom\Wikirandom\WikiRandom-WebAPI\Services\Classes\WikipediaService.cs:line 88
   at WikiRandom_WebAPI.Services.Classes.WikipediaService.PutPerson(PersonDTO personDTO, Int32 id) in C:\vs_repos\csharp_najlepszepraktyki\Wikirandom\Wikirandom\WikiRandom-WebAPI\Services\Classes\WikipediaService.cs:line 199
   at WebApplication4.Controllers.WikiServiceController.PutPerson(PersonDTO personDTO, Int32 id) in C:\vs_repos\csharp_najlepszepraktyki\Wikirandom\Wikirandom\WikiRandom-WebAPI\Controllers\WikiServiceController.cs:line 58
   at lambda_method5(Closure , Object , Object[] )
   at Microsoft.AspNetCore.Mvc.Infrastructure.ActionMethodExecutor.SyncActionResultExecutor.Execute(IActionResultTypeMapper mapper, ObjectMethodExecutor executor, Object controller, Object[] arguments)
   at Microsoft.AspNetCore.Mvc.Infrastructure.ControllerActionInvoker.InvokeActionMethodAsync()
   at Microsoft.AspNetCore.Mvc.Infrastructure.ControllerActionInvoker.Next(State& next, Scope& scope, Object& state, Boolean& isCompleted)
   at Microsoft.AspNetCore.Mvc.Infrastructure.ControllerActionInvoker.InvokeNextActionFilterAsync()
--- End of stack trace from previous location ---
   at Microsoft.AspNetCore.Mvc.Infrastructure.ControllerActionInvoker.Rethrow(ActionExecutedContextSealed context)
   at Microsoft.AspNetCore.Mvc.Infrastructure.ControllerActionInvoker.Next(State& next, Scope& scope, Object& state, Boolean& isCompleted)
   at Microsoft.AspNetCore.Mvc.Infrastructure.ControllerActionInvoker.InvokeInnerFilterAsync()
--- End of stack trace from previous location ---
   at Microsoft.AspNetCore.Mvc.Infrastructure.ResourceInvoker.<InvokeFilterPipelineAsync>g__Awaited|20_0(ResourceInvoker invoker, Task lastTask, State next, Scope scope, Object state, Boolean isCompleted)
   at Microsoft.AspNetCore.Mvc.Infrastructure.ResourceInvoker.<InvokeAsync>g__Awaited|17_0(ResourceInvoker invoker, Task task, IDisposable scope)
   at Microsoft.AspNetCore.Mvc.Infrastructure.ResourceInvoker.<InvokeAsync>g__Awaited|17_0(ResourceInvoker invoker, Task task, IDisposable scope)
   at Microsoft.AspNetCore.Routing.EndpointMiddleware.<Invoke>g__AwaitRequestTask|6_0(Endpoint endpoint, Task requestTask, ILogger logger)
   at Microsoft.AspNetCore.Authorization.AuthorizationMiddleware.Invoke(HttpContext context)
   at WikiRandom_WebAPI.Middleware.RequestTimeMiddleware.InvokeAsync(HttpContext context, RequestDelegate next) in C:\vs_repos\csharp_najlepszepraktyki\Wikirandom\Wikirandom\WikiRandom-WebAPI\Middleware\RequestTimeMiddleware.cs:line 18
   at Microsoft.AspNetCore.Builder.UseMiddlewareExtensions.<>c__DisplayClass6_1.<<UseMiddlewareInterface>b__1>d.MoveNext()
--- End of stack trace from previous location ---
   at WebApplication4.ErrorHandlingMiddleware.InvokeAsync(HttpContext context, RequestDelegate next) in C:\vs_repos\csharp_najlepszepraktyki\Wikirandom\Wikirandom\WikiRandom-WebAPI\Middleware\ErrorHandlingMiddleware.cs:line 18
2022-01-10 14:26:30.7869|14|INFO|Microsoft.Hosting.Lifetime|Now listening on: https://localhost:5001 
2022-01-10 14:26:30.8457|14|INFO|Microsoft.Hosting.Lifetime|Now listening on: http://localhost:5000 
2022-01-10 14:26:30.8556||INFO|Microsoft.Hosting.Lifetime|Application started. Press Ctrl+C to shut down. 
2022-01-10 14:26:30.8556||INFO|Microsoft.Hosting.Lifetime|Hosting environment: Development 
2022-01-10 14:26:30.8556||INFO|Microsoft.Hosting.Lifetime|Content root path: C:\vs_repos\csharp_najlepszepraktyki\Wikirandom\Wikirandom\WikiRandom-WebAPI 
2022-01-10 14:30:49.0281||ERROR|WebApplication4.ErrorHandlingMiddleware|Bad request WebApplication4.Middleware.BadRequestException: Bad request
   at WikiRandom_WebAPI.Services.Classes.WikipediaService.PutPerson(PersonDTO personDTO, Int32 id) in C:\vs_repos\csharp_najlepszepraktyki\Wikirandom\Wikirandom\WikiRandom-WebAPI\Services\Classes\WikipediaService.cs:line 192
   at WebApplication4.Controllers.WikiServiceController.PutPerson(PersonDTO personDTO, Int32 id) in C:\vs_repos\csharp_najlepszepraktyki\Wikirandom\Wikirandom\WikiRandom-WebAPI\Controllers\WikiServiceController.cs:line 58
   at lambda_method5(Closure , Object , Object[] )
   at Microsoft.AspNetCore.Mvc.Infrastructure.ActionMethodExecutor.SyncActionResultExecutor.Execute(IActionResultTypeMapper mapper, ObjectMethodExecutor executor, Object controller, Object[] arguments)
   at Microsoft.AspNetCore.Mvc.Infrastructure.ControllerActionInvoker.InvokeActionMethodAsync()
   at Microsoft.AspNetCore.Mvc.Infrastructure.ControllerActionInvoker.Next(State& next, Scope& scope, Object& state, Boolean& isCompleted)
   at Microsoft.AspNetCore.Mvc.Infrastructure.ControllerActionInvoker.InvokeNextActionFilterAsync()
--- End of stack trace from previous location ---
   at Microsoft.AspNetCore.Mvc.Infrastructure.ControllerActionInvoker.Rethrow(ActionExecutedContextSealed context)
   at Microsoft.AspNetCore.Mvc.Infrastructure.ControllerActionInvoker.Next(State& next, Scope& scope, Object& state, Boolean& isCompleted)
   at Microsoft.AspNetCore.Mvc.Infrastructure.ControllerActionInvoker.InvokeInnerFilterAsync()
--- End of stack trace from previous location ---
   at Microsoft.AspNetCore.Mvc.Infrastructure.ResourceInvoker.<InvokeFilterPipelineAsync>g__Awaited|20_0(ResourceInvoker invoker, Task lastTask, State next, Scope scope, Object state, Boolean isCompleted)
   at Microsoft.AspNetCore.Mvc.Infrastructure.ResourceInvoker.<InvokeAsync>g__Awaited|17_0(ResourceInvoker invoker, Task task, IDisposable scope)
   at Microsoft.AspNetCore.Mvc.Infrastructure.ResourceInvoker.<InvokeAsync>g__Awaited|17_0(ResourceInvoker invoker, Task task, IDisposable scope)
   at Microsoft.AspNetCore.Routing.EndpointMiddleware.<Invoke>g__AwaitRequestTask|6_0(Endpoint endpoint, Task requestTask, ILogger logger)
   at Microsoft.AspNetCore.Authorization.AuthorizationMiddleware.Invoke(HttpContext context)
   at WikiRandom_WebAPI.Middleware.RequestTimeMiddleware.InvokeAsync(HttpContext context, RequestDelegate next) in C:\vs_repos\csharp_najlepszepraktyki\Wikirandom\Wikirandom\WikiRandom-WebAPI\Middleware\RequestTimeMiddleware.cs:line 18
   at Microsoft.AspNetCore.Builder.UseMiddlewareExtensions.<>c__DisplayClass6_1.<<UseMiddlewareInterface>b__1>d.MoveNext()
--- End of stack trace from previous location ---
   at WebApplication4.ErrorHandlingMiddleware.InvokeAsync(HttpContext context, RequestDelegate next) in C:\vs_repos\csharp_najlepszepraktyki\Wikirandom\Wikirandom\WikiRandom-WebAPI\Middleware\ErrorHandlingMiddleware.cs:line 18
2022-01-10 14:31:19.7863||ERROR|WebApplication4.ErrorHandlingMiddleware|Bad request WebApplication4.Middleware.BadRequestException: Bad request
   at WikiRandom_WebAPI.Services.Classes.WikipediaService.PutPerson(PersonDTO personDTO, Int32 id) in C:\vs_repos\csharp_najlepszepraktyki\Wikirandom\Wikirandom\WikiRandom-WebAPI\Services\Classes\WikipediaService.cs:line 192
   at WebApplication4.Controllers.WikiServiceController.PutPerson(PersonDTO personDTO, Int32 id) in C:\vs_repos\csharp_najlepszepraktyki\Wikirandom\Wikirandom\WikiRandom-WebAPI\Controllers\WikiServiceController.cs:line 58
   at lambda_method5(Closure , Object , Object[] )
   at Microsoft.AspNetCore.Mvc.Infrastructure.ActionMethodExecutor.SyncActionResultExecutor.Execute(IActionResultTypeMapper mapper, ObjectMethodExecutor executor, Object controller, Object[] arguments)
   at Microsoft.AspNetCore.Mvc.Infrastructure.ControllerActionInvoker.InvokeActionMethodAsync()
   at Microsoft.AspNetCore.Mvc.Infrastructure.ControllerActionInvoker.Next(State& next, Scope& scope, Object& state, Boolean& isCompleted)
   at Microsoft.AspNetCore.Mvc.Infrastructure.ControllerActionInvoker.InvokeNextActionFilterAsync()
--- End of stack trace from previous location ---
   at Microsoft.AspNetCore.Mvc.Infrastructure.ControllerActionInvoker.Rethrow(ActionExecutedContextSealed context)
   at Microsoft.AspNetCore.Mvc.Infrastructure.ControllerActionInvoker.Next(State& next, Scope& scope, Object& state, Boolean& isCompleted)
   at Microsoft.AspNetCore.Mvc.Infrastructure.ControllerActionInvoker.InvokeInnerFilterAsync()
--- End of stack trace from previous location ---
   at Microsoft.AspNetCore.Mvc.Infrastructure.ResourceInvoker.<InvokeFilterPipelineAsync>g__Awaited|20_0(ResourceInvoker invoker, Task lastTask, State next, Scope scope, Object state, Boolean isCompleted)
   at Microsoft.AspNetCore.Mvc.Infrastructure.ResourceInvoker.<InvokeAsync>g__Awaited|17_0(ResourceInvoker invoker, Task task, IDisposable scope)
   at Microsoft.AspNetCore.Mvc.Infrastructure.ResourceInvoker.<InvokeAsync>g__Awaited|17_0(ResourceInvoker invoker, Task task, IDisposable scope)
   at Microsoft.AspNetCore.Routing.EndpointMiddleware.<Invoke>g__AwaitRequestTask|6_0(Endpoint endpoint, Task requestTask, ILogger logger)
   at Microsoft.AspNetCore.Authorization.AuthorizationMiddleware.Invoke(HttpContext context)
   at WikiRandom_WebAPI.Middleware.RequestTimeMiddleware.InvokeAsync(HttpContext context, RequestDelegate next) in C:\vs_repos\csharp_najlepszepraktyki\Wikirandom\Wikirandom\WikiRandom-WebAPI\Middleware\RequestTimeMiddleware.cs:line 18
   at Microsoft.AspNetCore.Builder.UseMiddlewareExtensions.<>c__DisplayClass6_1.<<UseMiddlewareInterface>b__1>d.MoveNext()
--- End of stack trace from previous location ---
   at WebApplication4.ErrorHandlingMiddleware.InvokeAsync(HttpContext context, RequestDelegate next) in C:\vs_repos\csharp_najlepszepraktyki\Wikirandom\Wikirandom\WikiRandom-WebAPI\Middleware\ErrorHandlingMiddleware.cs:line 18
2022-01-10 14:34:09.0594||ERROR|WebApplication4.ErrorHandlingMiddleware|Article with proper id has to be provided WebApplication4.Middleware.BadRequestException: Article with proper id has to be provided
   at WikiRandom_WebAPI.Services.Classes.WikipediaService.PatchPerson(PersonDTO personDTO, Int32 id) in C:\vs_repos\csharp_najlepszepraktyki\Wikirandom\Wikirandom\WikiRandom-WebAPI\Services\Classes\WikipediaService.cs:line 241
   at WebApplication4.Controllers.WikiServiceController.PatchPerson(PersonDTO personDTO, Int32 id) in C:\vs_repos\csharp_najlepszepraktyki\Wikirandom\Wikirandom\WikiRandom-WebAPI\Controllers\WikiServiceController.cs:line 67
   at lambda_method119(Closure , Object , Object[] )
   at Microsoft.AspNetCore.Mvc.Infrastructure.ActionMethodExecutor.SyncActionResultExecutor.Execute(IActionResultTypeMapper mapper, ObjectMethodExecutor executor, Object controller, Object[] arguments)
   at Microsoft.AspNetCore.Mvc.Infrastructure.ControllerActionInvoker.InvokeActionMethodAsync()
   at Microsoft.AspNetCore.Mvc.Infrastructure.ControllerActionInvoker.Next(State& next, Scope& scope, Object& state, Boolean& isCompleted)
   at Microsoft.AspNetCore.Mvc.Infrastructure.ControllerActionInvoker.InvokeNextActionFilterAsync()
--- End of stack trace from previous location ---
   at Microsoft.AspNetCore.Mvc.Infrastructure.ControllerActionInvoker.Rethrow(ActionExecutedContextSealed context)
   at Microsoft.AspNetCore.Mvc.Infrastructure.ControllerActionInvoker.Next(State& next, Scope& scope, Object& state, Boolean& isCompleted)
   at Microsoft.AspNetCore.Mvc.Infrastructure.ControllerActionInvoker.InvokeInnerFilterAsync()
--- End of stack trace from previous location ---
   at Microsoft.AspNetCore.Mvc.Infrastructure.ResourceInvoker.<InvokeFilterPipelineAsync>g__Awaited|20_0(ResourceInvoker invoker, Task lastTask, State next, Scope scope, Object state, Boolean isCompleted)
   at Microsoft.AspNetCore.Mvc.Infrastructure.ResourceInvoker.<InvokeAsync>g__Awaited|17_0(ResourceInvoker invoker, Task task, IDisposable scope)
   at Microsoft.AspNetCore.Mvc.Infrastructure.ResourceInvoker.<InvokeAsync>g__Awaited|17_0(ResourceInvoker invoker, Task task, IDisposable scope)
   at Microsoft.AspNetCore.Routing.EndpointMiddleware.<Invoke>g__AwaitRequestTask|6_0(Endpoint endpoint, Task requestTask, ILogger logger)
   at Microsoft.AspNetCore.Authorization.AuthorizationMiddleware.Invoke(HttpContext context)
   at WikiRandom_WebAPI.Middleware.RequestTimeMiddleware.InvokeAsync(HttpContext context, RequestDelegate next) in C:\vs_repos\csharp_najlepszepraktyki\Wikirandom\Wikirandom\WikiRandom-WebAPI\Middleware\RequestTimeMiddleware.cs:line 18
   at Microsoft.AspNetCore.Builder.UseMiddlewareExtensions.<>c__DisplayClass6_1.<<UseMiddlewareInterface>b__1>d.MoveNext()
--- End of stack trace from previous location ---
   at WebApplication4.ErrorHandlingMiddleware.InvokeAsync(HttpContext context, RequestDelegate next) in C:\vs_repos\csharp_najlepszepraktyki\Wikirandom\Wikirandom\WikiRandom-WebAPI\Middleware\ErrorHandlingMiddleware.cs:line 18
2022-01-10 14:34:31.9161||ERROR|WebApplication4.ErrorHandlingMiddleware|Article with proper id has to be provided WebApplication4.Middleware.BadRequestException: Article with proper id has to be provided
   at WikiRandom_WebAPI.Services.Classes.WikipediaService.PatchPerson(PersonDTO personDTO, Int32 id) in C:\vs_repos\csharp_najlepszepraktyki\Wikirandom\Wikirandom\WikiRandom-WebAPI\Services\Classes\WikipediaService.cs:line 241
   at WebApplication4.Controllers.WikiServiceController.PatchPerson(PersonDTO personDTO, Int32 id) in C:\vs_repos\csharp_najlepszepraktyki\Wikirandom\Wikirandom\WikiRandom-WebAPI\Controllers\WikiServiceController.cs:line 67
   at lambda_method119(Closure , Object , Object[] )
   at Microsoft.AspNetCore.Mvc.Infrastructure.ActionMethodExecutor.SyncActionResultExecutor.Execute(IActionResultTypeMapper mapper, ObjectMethodExecutor executor, Object controller, Object[] arguments)
   at Microsoft.AspNetCore.Mvc.Infrastructure.ControllerActionInvoker.InvokeActionMethodAsync()
   at Microsoft.AspNetCore.Mvc.Infrastructure.ControllerActionInvoker.Next(State& next, Scope& scope, Object& state, Boolean& isCompleted)
   at Microsoft.AspNetCore.Mvc.Infrastructure.ControllerActionInvoker.InvokeNextActionFilterAsync()
--- End of stack trace from previous location ---
   at Microsoft.AspNetCore.Mvc.Infrastructure.ControllerActionInvoker.Rethrow(ActionExecutedContextSealed context)
   at Microsoft.AspNetCore.Mvc.Infrastructure.ControllerActionInvoker.Next(State& next, Scope& scope, Object& state, Boolean& isCompleted)
   at Microsoft.AspNetCore.Mvc.Infrastructure.ControllerActionInvoker.InvokeInnerFilterAsync()
--- End of stack trace from previous location ---
   at Microsoft.AspNetCore.Mvc.Infrastructure.ResourceInvoker.<InvokeFilterPipelineAsync>g__Awaited|20_0(ResourceInvoker invoker, Task lastTask, State next, Scope scope, Object state, Boolean isCompleted)
   at Microsoft.AspNetCore.Mvc.Infrastructure.ResourceInvoker.<InvokeAsync>g__Awaited|17_0(ResourceInvoker invoker, Task task, IDisposable scope)
   at Microsoft.AspNetCore.Mvc.Infrastructure.ResourceInvoker.<InvokeAsync>g__Awaited|17_0(ResourceInvoker invoker, Task task, IDisposable scope)
   at Microsoft.AspNetCore.Routing.EndpointMiddleware.<Invoke>g__AwaitRequestTask|6_0(Endpoint endpoint, Task requestTask, ILogger logger)
   at Microsoft.AspNetCore.Authorization.AuthorizationMiddleware.Invoke(HttpContext context)
   at WikiRandom_WebAPI.Middleware.RequestTimeMiddleware.InvokeAsync(HttpContext context, RequestDelegate next) in C:\vs_repos\csharp_najlepszepraktyki\Wikirandom\Wikirandom\WikiRandom-WebAPI\Middleware\RequestTimeMiddleware.cs:line 18
   at Microsoft.AspNetCore.Builder.UseMiddlewareExtensions.<>c__DisplayClass6_1.<<UseMiddlewareInterface>b__1>d.MoveNext()
--- End of stack trace from previous location ---
   at WebApplication4.ErrorHandlingMiddleware.InvokeAsync(HttpContext context, RequestDelegate next) in C:\vs_repos\csharp_najlepszepraktyki\Wikirandom\Wikirandom\WikiRandom-WebAPI\Middleware\ErrorHandlingMiddleware.cs:line 18
2022-01-10 14:34:41.6714||ERROR|WebApplication4.ErrorHandlingMiddleware|Article with proper id has to be provided WebApplication4.Middleware.BadRequestException: Article with proper id has to be provided
   at WikiRandom_WebAPI.Services.Classes.WikipediaService.PatchPerson(PersonDTO personDTO, Int32 id) in C:\vs_repos\csharp_najlepszepraktyki\Wikirandom\Wikirandom\WikiRandom-WebAPI\Services\Classes\WikipediaService.cs:line 241
   at WebApplication4.Controllers.WikiServiceController.PatchPerson(PersonDTO personDTO, Int32 id) in C:\vs_repos\csharp_najlepszepraktyki\Wikirandom\Wikirandom\WikiRandom-WebAPI\Controllers\WikiServiceController.cs:line 67
   at lambda_method119(Closure , Object , Object[] )
   at Microsoft.AspNetCore.Mvc.Infrastructure.ActionMethodExecutor.SyncActionResultExecutor.Execute(IActionResultTypeMapper mapper, ObjectMethodExecutor executor, Object controller, Object[] arguments)
   at Microsoft.AspNetCore.Mvc.Infrastructure.ControllerActionInvoker.InvokeActionMethodAsync()
   at Microsoft.AspNetCore.Mvc.Infrastructure.ControllerActionInvoker.Next(State& next, Scope& scope, Object& state, Boolean& isCompleted)
   at Microsoft.AspNetCore.Mvc.Infrastructure.ControllerActionInvoker.InvokeNextActionFilterAsync()
--- End of stack trace from previous location ---
   at Microsoft.AspNetCore.Mvc.Infrastructure.ControllerActionInvoker.Rethrow(ActionExecutedContextSealed context)
   at Microsoft.AspNetCore.Mvc.Infrastructure.ControllerActionInvoker.Next(State& next, Scope& scope, Object& state, Boolean& isCompleted)
   at Microsoft.AspNetCore.Mvc.Infrastructure.ControllerActionInvoker.InvokeInnerFilterAsync()
--- End of stack trace from previous location ---
   at Microsoft.AspNetCore.Mvc.Infrastructure.ResourceInvoker.<InvokeFilterPipelineAsync>g__Awaited|20_0(ResourceInvoker invoker, Task lastTask, State next, Scope scope, Object state, Boolean isCompleted)
   at Microsoft.AspNetCore.Mvc.Infrastructure.ResourceInvoker.<InvokeAsync>g__Awaited|17_0(ResourceInvoker invoker, Task task, IDisposable scope)
   at Microsoft.AspNetCore.Mvc.Infrastructure.ResourceInvoker.<InvokeAsync>g__Awaited|17_0(ResourceInvoker invoker, Task task, IDisposable scope)
   at Microsoft.AspNetCore.Routing.EndpointMiddleware.<Invoke>g__AwaitRequestTask|6_0(Endpoint endpoint, Task requestTask, ILogger logger)
   at Microsoft.AspNetCore.Authorization.AuthorizationMiddleware.Invoke(HttpContext context)
   at WikiRandom_WebAPI.Middleware.RequestTimeMiddleware.InvokeAsync(HttpContext context, RequestDelegate next) in C:\vs_repos\csharp_najlepszepraktyki\Wikirandom\Wikirandom\WikiRandom-WebAPI\Middleware\RequestTimeMiddleware.cs:line 18
   at Microsoft.AspNetCore.Builder.UseMiddlewareExtensions.<>c__DisplayClass6_1.<<UseMiddlewareInterface>b__1>d.MoveNext()
--- End of stack trace from previous location ---
   at WebApplication4.ErrorHandlingMiddleware.InvokeAsync(HttpContext context, RequestDelegate next) in C:\vs_repos\csharp_najlepszepraktyki\Wikirandom\Wikirandom\WikiRandom-WebAPI\Middleware\ErrorHandlingMiddleware.cs:line 18
2022-01-10 14:34:58.9586|14|INFO|Microsoft.Hosting.Lifetime|Now listening on: https://localhost:5001 
2022-01-10 14:34:59.0194|14|INFO|Microsoft.Hosting.Lifetime|Now listening on: http://localhost:5000 
2022-01-10 14:34:59.0260||INFO|Microsoft.Hosting.Lifetime|Application started. Press Ctrl+C to shut down. 
2022-01-10 14:34:59.0260||INFO|Microsoft.Hosting.Lifetime|Hosting environment: Development 
2022-01-10 14:34:59.0260||INFO|Microsoft.Hosting.Lifetime|Content root path: C:\vs_repos\csharp_najlepszepraktyki\Wikirandom\Wikirandom\WikiRandom-WebAPI 
2022-01-10 14:38:14.7724||ERROR|WebApplication4.ErrorHandlingMiddleware|Article with proper id and matching PersonId has to be provided WebApplication4.Middleware.BadRequestException: Article with proper id and matching PersonId has to be provided
   at WikiRandom_WebAPI.Services.Classes.WikipediaService.UpdatePersonArticle(HttpRESTMethods httpMethod, PersonDTO personDTO, Person person, List`1 articlesJSON, List`1 articlesDB) in C:\vs_repos\csharp_najlepszepraktyki\Wikirandom\Wikirandom\WikiRandom-WebAPI\Services\Classes\WikipediaService.cs:line 80
   at WikiRandom_WebAPI.Services.Classes.WikipediaService.PatchPerson(PersonDTO personDTO, Int32 id) in C:\vs_repos\csharp_najlepszepraktyki\Wikirandom\Wikirandom\WikiRandom-WebAPI\Services\Classes\WikipediaService.cs:line 246
   at WebApplication4.Controllers.WikiServiceController.PatchPerson(PersonDTO personDTO, Int32 id) in C:\vs_repos\csharp_najlepszepraktyki\Wikirandom\Wikirandom\WikiRandom-WebAPI\Controllers\WikiServiceController.cs:line 67
   at lambda_method109(Closure , Object , Object[] )
   at Microsoft.AspNetCore.Mvc.Infrastructure.ActionMethodExecutor.SyncActionResultExecutor.Execute(IActionResultTypeMapper mapper, ObjectMethodExecutor executor, Object controller, Object[] arguments)
   at Microsoft.AspNetCore.Mvc.Infrastructure.ControllerActionInvoker.InvokeActionMethodAsync()
   at Microsoft.AspNetCore.Mvc.Infrastructure.ControllerActionInvoker.Next(State& next, Scope& scope, Object& state, Boolean& isCompleted)
   at Microsoft.AspNetCore.Mvc.Infrastructure.ControllerActionInvoker.InvokeNextActionFilterAsync()
--- End of stack trace from previous location ---
   at Microsoft.AspNetCore.Mvc.Infrastructure.ControllerActionInvoker.Rethrow(ActionExecutedContextSealed context)
   at Microsoft.AspNetCore.Mvc.Infrastructure.ControllerActionInvoker.Next(State& next, Scope& scope, Object& state, Boolean& isCompleted)
   at Microsoft.AspNetCore.Mvc.Infrastructure.ControllerActionInvoker.InvokeInnerFilterAsync()
--- End of stack trace from previous location ---
   at Microsoft.AspNetCore.Mvc.Infrastructure.ResourceInvoker.<InvokeFilterPipelineAsync>g__Awaited|20_0(ResourceInvoker invoker, Task lastTask, State next, Scope scope, Object state, Boolean isCompleted)
   at Microsoft.AspNetCore.Mvc.Infrastructure.ResourceInvoker.<InvokeAsync>g__Awaited|17_0(ResourceInvoker invoker, Task task, IDisposable scope)
   at Microsoft.AspNetCore.Mvc.Infrastructure.ResourceInvoker.<InvokeAsync>g__Awaited|17_0(ResourceInvoker invoker, Task task, IDisposable scope)
   at Microsoft.AspNetCore.Routing.EndpointMiddleware.<Invoke>g__AwaitRequestTask|6_0(Endpoint endpoint, Task requestTask, ILogger logger)
   at Microsoft.AspNetCore.Authorization.AuthorizationMiddleware.Invoke(HttpContext context)
   at WikiRandom_WebAPI.Middleware.RequestTimeMiddleware.InvokeAsync(HttpContext context, RequestDelegate next) in C:\vs_repos\csharp_najlepszepraktyki\Wikirandom\Wikirandom\WikiRandom-WebAPI\Middleware\RequestTimeMiddleware.cs:line 18
   at Microsoft.AspNetCore.Builder.UseMiddlewareExtensions.<>c__DisplayClass6_1.<<UseMiddlewareInterface>b__1>d.MoveNext()
--- End of stack trace from previous location ---
   at WebApplication4.ErrorHandlingMiddleware.InvokeAsync(HttpContext context, RequestDelegate next) in C:\vs_repos\csharp_najlepszepraktyki\Wikirandom\Wikirandom\WikiRandom-WebAPI\Middleware\ErrorHandlingMiddleware.cs:line 18
2022-01-10 14:38:51.9143||ERROR|WebApplication4.ErrorHandlingMiddleware|Article with proper id and matching PersonId has to be provided WebApplication4.Middleware.BadRequestException: Article with proper id and matching PersonId has to be provided
   at WikiRandom_WebAPI.Services.Classes.WikipediaService.UpdatePersonArticle(HttpRESTMethods httpMethod, PersonDTO personDTO, Person person, List`1 articlesJSON, List`1 articlesDB) in C:\vs_repos\csharp_najlepszepraktyki\Wikirandom\Wikirandom\WikiRandom-WebAPI\Services\Classes\WikipediaService.cs:line 86
   at WikiRandom_WebAPI.Services.Classes.WikipediaService.PatchPerson(PersonDTO personDTO, Int32 id) in C:\vs_repos\csharp_najlepszepraktyki\Wikirandom\Wikirandom\WikiRandom-WebAPI\Services\Classes\WikipediaService.cs:line 246
   at WebApplication4.Controllers.WikiServiceController.PatchPerson(PersonDTO personDTO, Int32 id) in C:\vs_repos\csharp_najlepszepraktyki\Wikirandom\Wikirandom\WikiRandom-WebAPI\Controllers\WikiServiceController.cs:line 67
   at lambda_method109(Closure , Object , Object[] )
   at Microsoft.AspNetCore.Mvc.Infrastructure.ActionMethodExecutor.SyncActionResultExecutor.Execute(IActionResultTypeMapper mapper, ObjectMethodExecutor executor, Object controller, Object[] arguments)
   at Microsoft.AspNetCore.Mvc.Infrastructure.ControllerActionInvoker.InvokeActionMethodAsync()
   at Microsoft.AspNetCore.Mvc.Infrastructure.ControllerActionInvoker.Next(State& next, Scope& scope, Object& state, Boolean& isCompleted)
   at Microsoft.AspNetCore.Mvc.Infrastructure.ControllerActionInvoker.InvokeNextActionFilterAsync()
--- End of stack trace from previous location ---
   at Microsoft.AspNetCore.Mvc.Infrastructure.ControllerActionInvoker.Rethrow(ActionExecutedContextSealed context)
   at Microsoft.AspNetCore.Mvc.Infrastructure.ControllerActionInvoker.Next(State& next, Scope& scope, Object& state, Boolean& isCompleted)
   at Microsoft.AspNetCore.Mvc.Infrastructure.ControllerActionInvoker.InvokeInnerFilterAsync()
--- End of stack trace from previous location ---
   at Microsoft.AspNetCore.Mvc.Infrastructure.ResourceInvoker.<InvokeFilterPipelineAsync>g__Awaited|20_0(ResourceInvoker invoker, Task lastTask, State next, Scope scope, Object state, Boolean isCompleted)
   at Microsoft.AspNetCore.Mvc.Infrastructure.ResourceInvoker.<InvokeAsync>g__Awaited|17_0(ResourceInvoker invoker, Task task, IDisposable scope)
   at Microsoft.AspNetCore.Mvc.Infrastructure.ResourceInvoker.<InvokeAsync>g__Awaited|17_0(ResourceInvoker invoker, Task task, IDisposable scope)
   at Microsoft.AspNetCore.Routing.EndpointMiddleware.<Invoke>g__AwaitRequestTask|6_0(Endpoint endpoint, Task requestTask, ILogger logger)
   at Microsoft.AspNetCore.Authorization.AuthorizationMiddleware.Invoke(HttpContext context)
   at WikiRandom_WebAPI.Middleware.RequestTimeMiddleware.InvokeAsync(HttpContext context, RequestDelegate next) in C:\vs_repos\csharp_najlepszepraktyki\Wikirandom\Wikirandom\WikiRandom-WebAPI\Middleware\RequestTimeMiddleware.cs:line 18
   at Microsoft.AspNetCore.Builder.UseMiddlewareExtensions.<>c__DisplayClass6_1.<<UseMiddlewareInterface>b__1>d.MoveNext()
--- End of stack trace from previous location ---
   at WebApplication4.ErrorHandlingMiddleware.InvokeAsync(HttpContext context, RequestDelegate next) in C:\vs_repos\csharp_najlepszepraktyki\Wikirandom\Wikirandom\WikiRandom-WebAPI\Middleware\ErrorHandlingMiddleware.cs:line 18
