2022-01-09 20:34:57.6369||ERROR|WebApplication4.ErrorHandlingMiddleware|Record not found WebApplication4.Middleware.NotFoundException: Record not found
   at WikiRandom_WebAPI.Services.Classes.WikipediaService.UpdateArticle(ArticleDTO articleDTO, Int32 id) in C:\vs_repos\csharp_najlepszepraktyki\Wikirandom\Wikirandom\WikiRandom-WebAPI\Services\Classes\WikipediaService.cs:line 309
   at WebApplication4.Controllers.WikiServiceController.UpdateArticle(ArticleDTO articleDTO, Int32 id) in C:\vs_repos\csharp_najlepszepraktyki\Wikirandom\Wikirandom\WikiRandom-WebAPI\Controllers\WikiServiceController.cs:line 155
   at lambda_method72(Closure , Object )
   at Microsoft.AspNetCore.Mvc.Infrastructure.ActionMethodExecutor.TaskOfActionResultExecutor.Execute(IActionResultTypeMapper mapper, ObjectMethodExecutor executor, Object controller, Object[] arguments)
   at Microsoft.AspNetCore.Mvc.Infrastructure.ControllerActionInvoker.<InvokeActionMethodAsync>g__Awaited|12_0(ControllerActionInvoker invoker, ValueTask`1 actionResultValueTask)
   at Microsoft.AspNetCore.Mvc.Infrastructure.ControllerActionInvoker.<InvokeNextActionFilterAsync>g__Awaited|10_0(ControllerActionInvoker invoker, Task lastTask, State next, Scope scope, Object state, Boolean isCompleted)
   at Microsoft.AspNetCore.Mvc.Infrastructure.ControllerActionInvoker.Rethrow(ActionExecutedContextSealed context)
   at Microsoft.AspNetCore.Mvc.Infrastructure.ControllerActionInvoker.Next(State& next, Scope& scope, Object& state, Boolean& isCompleted)
   at Microsoft.AspNetCore.Mvc.Infrastructure.ControllerActionInvoker.InvokeInnerFilterAsync()
--- End of stack trace from previous location ---
   at Microsoft.AspNetCore.Mvc.Infrastructure.ResourceInvoker.<InvokeFilterPipelineAsync>g__Awaited|20_0(ResourceInvoker invoker, Task lastTask, State next, Scope scope, Object state, Boolean isCompleted)
   at Microsoft.AspNetCore.Mvc.Infrastructure.ResourceInvoker.<InvokeAsync>g__Awaited|17_0(ResourceInvoker invoker, Task task, IDisposable scope)
   at Microsoft.AspNetCore.Mvc.Infrastructure.ResourceInvoker.<InvokeAsync>g__Awaited|17_0(ResourceInvoker invoker, Task task, IDisposable scope)
   at Microsoft.AspNetCore.Routing.EndpointMiddleware.<Invoke>g__AwaitRequestTask|6_0(Endpoint endpoint, Task requestTask, ILogger logger)
   at Microsoft.AspNetCore.Authorization.AuthorizationMiddleware.Invoke(HttpContext context)
   at WikiRandom_WebAPI.Middleware.RequestTimeMiddleware.InvokeAsync(HttpContext context, RequestDelegate next) in C:\vs_repos\csharp_najlepszepraktyki\Wikirandom\Wikirandom\WikiRandom-WebAPI\Middleware\RequestTimeMiddleware.cs:line 18
   at Microsoft.AspNetCore.Builder.UseMiddlewareExtensions.<>c__DisplayClass6_1.<<UseMiddlewareInterface>b__1>d.MoveNext()
--- End of stack trace from previous location ---
   at WebApplication4.ErrorHandlingMiddleware.InvokeAsync(HttpContext context, RequestDelegate next) in C:\vs_repos\csharp_najlepszepraktyki\Wikirandom\Wikirandom\WikiRandom-WebAPI\Middleware\ErrorHandlingMiddleware.cs:line 18
