2022-01-09 11:16:38.9145|14|INFO|Microsoft.Hosting.Lifetime|Now listening on: https://localhost:5001 
2022-01-09 11:16:38.9745|14|INFO|Microsoft.Hosting.Lifetime|Now listening on: http://localhost:5000 
2022-01-09 11:16:38.9834||INFO|Microsoft.Hosting.Lifetime|Application started. Press Ctrl+C to shut down. 
2022-01-09 11:16:38.9834||INFO|Microsoft.Hosting.Lifetime|Hosting environment: Development 
2022-01-09 11:16:38.9834||INFO|Microsoft.Hosting.Lifetime|Content root path: C:\vs_repos\csharp_najlepszepraktyki\Wikirandom\Wikirandom\WikiRandom-WebAPI 
2022-01-09 11:19:12.7982||INFO|WikiRandom_WebAPI.Middleware.RequestTimeMiddleware|Request timeout. Request took more than 30 seconds. 
2022-01-09 19:51:07.0512|14|INFO|Microsoft.Hosting.Lifetime|Now listening on: https://localhost:5001 
2022-01-09 19:51:07.1094|14|INFO|Microsoft.Hosting.Lifetime|Now listening on: http://localhost:5000 
2022-01-09 19:51:07.1171||INFO|Microsoft.Hosting.Lifetime|Application started. Press Ctrl+C to shut down. 
2022-01-09 19:51:07.1171||INFO|Microsoft.Hosting.Lifetime|Hosting environment: Development 
2022-01-09 19:51:07.1171||INFO|Microsoft.Hosting.Lifetime|Content root path: C:\vs_repos\csharp_najlepszepraktyki\Wikirandom\Wikirandom\WikiRandom-WebAPI 
2022-01-09 20:01:09.0510||INFO|WebApplication4.Controllers.WikiServiceController|Method which returns certain number of articles invoked! Number of articles passed: 4 
2022-01-09 20:04:21.7600||INFO|WebApplication4.Controllers.WikiServiceController|Method which returns certain number of articles and their max lenght invoked! Number of articles passed: 10 
2022-01-09 20:33:06.1268|14|INFO|Microsoft.Hosting.Lifetime|Now listening on: https://localhost:5001 
2022-01-09 20:33:06.2451|14|INFO|Microsoft.Hosting.Lifetime|Now listening on: http://localhost:5000 
2022-01-09 20:33:06.2575||INFO|Microsoft.Hosting.Lifetime|Application started. Press Ctrl+C to shut down. 
2022-01-09 20:33:06.2575||INFO|Microsoft.Hosting.Lifetime|Hosting environment: Development 
2022-01-09 20:33:06.2575||INFO|Microsoft.Hosting.Lifetime|Content root path: C:\vs_repos\csharp_najlepszepraktyki\Wikirandom\Wikirandom\WikiRandom-WebAPI 
2022-01-09 20:34:57.6369||ERROR|WebApplication4.ErrorHandlingMiddleware|Record not found WebApplication4.Middleware.NotFoundException: Record not found
   at WikiRandom_WebAPI.Services.Classes.WikipediaService.UpdateArticle(ArticleDTO articleDTO, Int32 id) in C:\vs_repos\csharp_najlepszepraktyki\Wikirandom\Wikirandom\WikiRandom-WebAPI\Services\Classes\WikipediaService.cs:line 309
   at WebApplication4.Controllers.WikiServiceController.UpdateArticle(ArticleDTO articleDTO, Int32 id) in C:\vs_repos\csharp_najlepszepraktyki\Wikirandom\Wikirandom\WikiRandom-WebAPI\Controllers\WikiServiceController.cs:line 155
   at lambda_method72(Closure , Object )
   at Microsoft.AspNetCore.Mvc.Infrastructure.ActionMethodExecutor.TaskOfActionResultExecutor.Execute(IActionResultTypeMapper mapper, ObjectMethodExecutor executor, Object controller, Object[] arguments)
   at Microsoft.AspNetCore.Mvc.Infrastructure.ControllerActionInvoker.<InvokeActionMethodAsync>g__Awaited|12_0(ControllerActionInvoker invoker, ValueTask`1 actionResultValueTask)
   at Microsoft.AspNetCore.Mvc.Infrastructure.ControllerActionInvoker.<InvokeNextActionFilterAsync>g__Awaited|10_0(ControllerActionInvoker invoker, Task lastTask, State next, Scope scope, Object state, Boolean isCompleted)
   at Microsoft.AspNetCore.Mvc.Infrastructure.ControllerActionInvoker.Rethrow(ActionExecutedContextSealed context)
   at Microsoft.AspNetCore.Mvc.Infrastructure.ControllerActionInvoker.Next(State& next, Scope& scope, Object& state, Boolean& isCompleted)
   at Microsoft.AspNetCore.Mvc.Infrastructure.ControllerActionInvoker.InvokeInnerFilterAsync()
--- End of stack trace from previous location ---
   at Microsoft.AspNetCore.Mvc.Infrastructure.ResourceInvoker.<InvokeFilterPipelineAsync>g__Awaited|20_0(ResourceInvoker invoker, Task lastTask, State next, Scope scope, Object state, Boolean isCompleted)
   at Microsoft.AspNetCore.Mvc.Infrastructure.ResourceInvoker.<InvokeAsync>g__Awaited|17_0(ResourceInvoker invoker, Task task, IDisposable scope)
   at Microsoft.AspNetCore.Mvc.Infrastructure.ResourceInvoker.<InvokeAsync>g__Awaited|17_0(ResourceInvoker invoker, Task task, IDisposable scope)
   at Microsoft.AspNetCore.Routing.EndpointMiddleware.<Invoke>g__AwaitRequestTask|6_0(Endpoint endpoint, Task requestTask, ILogger logger)
   at Microsoft.AspNetCore.Authorization.AuthorizationMiddleware.Invoke(HttpContext context)
   at WikiRandom_WebAPI.Middleware.RequestTimeMiddleware.InvokeAsync(HttpContext context, RequestDelegate next) in C:\vs_repos\csharp_najlepszepraktyki\Wikirandom\Wikirandom\WikiRandom-WebAPI\Middleware\RequestTimeMiddleware.cs:line 18
   at Microsoft.AspNetCore.Builder.UseMiddlewareExtensions.<>c__DisplayClass6_1.<<UseMiddlewareInterface>b__1>d.MoveNext()
--- End of stack trace from previous location ---
   at WebApplication4.ErrorHandlingMiddleware.InvokeAsync(HttpContext context, RequestDelegate next) in C:\vs_repos\csharp_najlepszepraktyki\Wikirandom\Wikirandom\WikiRandom-WebAPI\Middleware\ErrorHandlingMiddleware.cs:line 18
2022-01-09 20:36:18.7409|14|INFO|Microsoft.Hosting.Lifetime|Now listening on: https://localhost:5001 
2022-01-09 20:36:18.7937|14|INFO|Microsoft.Hosting.Lifetime|Now listening on: http://localhost:5000 
2022-01-09 20:36:18.7937||INFO|Microsoft.Hosting.Lifetime|Application started. Press Ctrl+C to shut down. 
2022-01-09 20:36:18.8047||INFO|Microsoft.Hosting.Lifetime|Hosting environment: Development 
2022-01-09 20:36:18.8047||INFO|Microsoft.Hosting.Lifetime|Content root path: C:\vs_repos\csharp_najlepszepraktyki\Wikirandom\Wikirandom\WikiRandom-WebAPI 
2022-01-09 20:42:59.4581|14|INFO|Microsoft.Hosting.Lifetime|Now listening on: https://localhost:5001 
2022-01-09 20:42:59.5428|14|INFO|Microsoft.Hosting.Lifetime|Now listening on: http://localhost:5000 
2022-01-09 20:42:59.5554||INFO|Microsoft.Hosting.Lifetime|Application started. Press Ctrl+C to shut down. 
2022-01-09 20:42:59.5554||INFO|Microsoft.Hosting.Lifetime|Hosting environment: Development 
2022-01-09 20:42:59.5554||INFO|Microsoft.Hosting.Lifetime|Content root path: C:\vs_repos\csharp_najlepszepraktyki\Wikirandom\Wikirandom\WikiRandom-WebAPI 
2022-01-09 21:12:41.8486|14|INFO|Microsoft.Hosting.Lifetime|Now listening on: https://localhost:5001 
2022-01-09 21:12:41.9659|14|INFO|Microsoft.Hosting.Lifetime|Now listening on: http://localhost:5000 
2022-01-09 21:12:41.9775||INFO|Microsoft.Hosting.Lifetime|Application started. Press Ctrl+C to shut down. 
2022-01-09 21:12:41.9775||INFO|Microsoft.Hosting.Lifetime|Hosting environment: Development 
2022-01-09 21:12:41.9775||INFO|Microsoft.Hosting.Lifetime|Content root path: C:\vs_repos\csharp_najlepszepraktyki\Wikirandom\Wikirandom\WikiRandom-WebAPI 
2022-01-09 21:18:54.9515|14|INFO|Microsoft.Hosting.Lifetime|Now listening on: https://localhost:5001 
2022-01-09 21:18:55.1005|14|INFO|Microsoft.Hosting.Lifetime|Now listening on: http://localhost:5000 
2022-01-09 21:18:55.1262||INFO|Microsoft.Hosting.Lifetime|Application started. Press Ctrl+C to shut down. 
2022-01-09 21:18:55.1379||INFO|Microsoft.Hosting.Lifetime|Hosting environment: Development 
2022-01-09 21:18:55.1379||INFO|Microsoft.Hosting.Lifetime|Content root path: C:\vs_repos\csharp_najlepszepraktyki\Wikirandom\Wikirandom\WikiRandom-WebAPI 
